2026-01-03 12:47:13 - Trainer - INFO - Model parameters: 12,536,876
2026-01-03 12:47:13 - Trainer - INFO - Training samples: 8869
2026-01-03 12:47:13 - Trainer - INFO - Validation samples: 1774
2026-01-03 12:47:13 - Trainer - INFO - LR Scheduler: CosineAnnealingLR
2026-01-03 12:47:13 - Trainer - INFO - Starting training...
2026-01-03 12:47:13 - Trainer - INFO - ============================================================
2026-01-03 12:48:56 - Trainer - INFO - Epoch 1/1000 - Train Loss: 3.578479, Pos: 1.374678, Yaw: 1.101901
2026-01-03 12:49:12 - Trainer - INFO - ================================================================================
2026-01-03 12:49:12 - Trainer - INFO - Epoch 1/1000 - Validation Results
2026-01-03 12:49:12 - Trainer - INFO - --------------------------------------------------------------------------------
2026-01-03 12:49:12 - Trainer - INFO -   Loss:       Total=1.361059, Position=0.410398, Yaw=0.475331
2026-01-03 12:49:12 - Trainer - INFO -   Position:   Mean= 78.48 cm, Median= 77.15 cm, Std= 40.39 cm, 95th=135.14 cm
2026-01-03 12:49:12 - Trainer - INFO -   Yaw Angle:  Mean= 32.45°,  Median= 28.87°,  Std= 22.58°,  95th= 74.30°
2026-01-03 12:49:12 - Trainer - INFO -   Learning Rate: 1.00e-03
2026-01-03 12:49:14 - Trainer - INFO -   ✓ NEW BEST! Improved by nan% - Model saved
2026-01-03 12:49:14 - Trainer - INFO - ================================================================================
2026-01-03 12:49:57 - Trainer - INFO - Epoch 2/1000 - Train Loss: 1.885661, Pos: 0.515549, Yaw: 0.685056
2026-01-03 12:50:04 - Trainer - INFO - ================================================================================
2026-01-03 12:50:04 - Trainer - INFO - Epoch 2/1000 - Validation Results
2026-01-03 12:50:04 - Trainer - INFO - --------------------------------------------------------------------------------
2026-01-03 12:50:04 - Trainer - INFO -   Loss:       Total=0.976676, Position=0.363266, Yaw=0.306705
2026-01-03 12:50:04 - Trainer - INFO -   Position:   Mean= 71.77 cm, Median= 68.35 cm, Std= 41.36 cm, 95th=128.42 cm
2026-01-03 12:50:04 - Trainer - INFO -   Yaw Angle:  Mean= 23.45°,  Median= 18.51°,  Std= 21.40°,  95th= 59.26°
2026-01-03 12:50:04 - Trainer - INFO -   Learning Rate: 1.00e-03
2026-01-03 12:50:05 - Trainer - INFO -   ✓ NEW BEST! Improved by 28.24% - Model saved
2026-01-03 12:50:05 - Trainer - INFO - ================================================================================
2026-01-03 12:50:44 - Trainer - INFO - Epoch 3/1000 - Train Loss: 1.655066, Pos: 0.471558, Yaw: 0.591754
2026-01-03 12:50:51 - Trainer - INFO - ================================================================================
2026-01-03 12:50:51 - Trainer - INFO - Epoch 3/1000 - Validation Results
2026-01-03 12:50:51 - Trainer - INFO - --------------------------------------------------------------------------------
2026-01-03 12:50:51 - Trainer - INFO -   Loss:       Total=0.698893, Position=0.368145, Yaw=0.165374
2026-01-03 12:50:51 - Trainer - INFO -   Position:   Mean= 71.01 cm, Median= 65.61 cm, Std= 42.92 cm, 95th=138.57 cm
2026-01-03 12:50:51 - Trainer - INFO -   Yaw Angle:  Mean= 16.56°,  Median= 12.89°,  Std= 16.44°,  95th= 40.70°
2026-01-03 12:50:51 - Trainer - INFO -   Learning Rate: 1.00e-03
2026-01-03 12:50:51 - Trainer - INFO -   ✓ NEW BEST! Improved by 28.44% - Model saved
2026-01-03 12:50:51 - Trainer - INFO - ================================================================================
2026-01-03 12:51:32 - Trainer - INFO - Epoch 4/1000 - Train Loss: 1.417627, Pos: 0.424927, Yaw: 0.496350
2026-01-03 12:51:39 - Trainer - INFO - ================================================================================
2026-01-03 12:51:39 - Trainer - INFO - Epoch 4/1000 - Validation Results
2026-01-03 12:51:39 - Trainer - INFO - --------------------------------------------------------------------------------
2026-01-03 12:51:39 - Trainer - INFO -   Loss:       Total=0.734383, Position=0.412384, Yaw=0.161000
2026-01-03 12:51:39 - Trainer - INFO -   Position:   Mean= 72.45 cm, Median= 64.19 cm, Std= 47.07 cm, 95th=153.61 cm
2026-01-03 12:51:39 - Trainer - INFO -   Yaw Angle:  Mean= 15.98°,  Median= 12.32°,  Std= 16.61°,  95th= 39.39°
2026-01-03 12:51:39 - Trainer - INFO -   Learning Rate: 1.00e-03
2026-01-03 12:51:39 - Trainer - INFO -   Patience: 1/100
2026-01-03 12:51:39 - Trainer - INFO - ================================================================================
2026-01-03 12:52:18 - Trainer - INFO - Epoch 5/1000 - Train Loss: 1.409293, Pos: 0.339557, Yaw: 0.534868
2026-01-03 12:52:25 - Trainer - INFO - ================================================================================
2026-01-03 12:52:25 - Trainer - INFO - Epoch 5/1000 - Validation Results
2026-01-03 12:52:25 - Trainer - INFO - --------------------------------------------------------------------------------
2026-01-03 12:52:25 - Trainer - INFO -   Loss:       Total=0.900792, Position=0.246118, Yaw=0.327337
2026-01-03 12:52:25 - Trainer - INFO -   Position:   Mean= 52.66 cm, Median= 42.27 cm, Std= 41.41 cm, 95th=119.41 cm
2026-01-03 12:52:25 - Trainer - INFO -   Yaw Angle:  Mean= 22.95°,  Median= 16.42°,  Std= 23.31°,  95th= 60.97°
2026-01-03 12:52:25 - Trainer - INFO -   Learning Rate: 1.00e-03
2026-01-03 12:52:25 - Trainer - INFO -   Patience: 2/100
2026-01-03 12:52:25 - Trainer - INFO - ================================================================================
2026-01-03 12:53:06 - Trainer - INFO - Epoch 6/1000 - Train Loss: 1.234675, Pos: 0.287744, Yaw: 0.473466
2026-01-03 12:53:13 - Trainer - INFO - ================================================================================
2026-01-03 12:53:13 - Trainer - INFO - Epoch 6/1000 - Validation Results
2026-01-03 12:53:13 - Trainer - INFO - --------------------------------------------------------------------------------
2026-01-03 12:53:13 - Trainer - INFO -   Loss:       Total=0.525224, Position=0.177706, Yaw=0.173759
2026-01-03 12:53:13 - Trainer - INFO -   Position:   Mean= 41.15 cm, Median= 31.34 cm, Std= 37.13 cm, 95th= 96.39 cm
2026-01-03 12:53:13 - Trainer - INFO -   Yaw Angle:  Mean= 15.06°,  Median= 10.74°,  Std= 18.53°,  95th= 37.24°
2026-01-03 12:53:13 - Trainer - INFO -   Learning Rate: 1.00e-03
2026-01-03 12:53:14 - Trainer - INFO -   ✓ NEW BEST! Improved by 24.85% - Model saved
2026-01-03 12:53:14 - Trainer - INFO - ================================================================================
2026-01-03 12:53:54 - Trainer - INFO - Epoch 7/1000 - Train Loss: 1.190999, Pos: 0.269651, Yaw: 0.460674
2026-01-03 12:54:01 - Trainer - INFO - ================================================================================
2026-01-03 12:54:01 - Trainer - INFO - Epoch 7/1000 - Validation Results
2026-01-03 12:54:01 - Trainer - INFO - --------------------------------------------------------------------------------
2026-01-03 12:54:01 - Trainer - INFO -   Loss:       Total=0.736504, Position=0.203092, Yaw=0.266706
2026-01-03 12:54:01 - Trainer - INFO -   Position:   Mean= 46.07 cm, Median= 36.88 cm, Std= 38.40 cm, 95th=104.80 cm
2026-01-03 12:54:01 - Trainer - INFO -   Yaw Angle:  Mean= 19.03°,  Median= 12.95°,  Std= 22.78°,  95th= 64.61°
2026-01-03 12:54:01 - Trainer - INFO -   Learning Rate: 1.00e-03
2026-01-03 12:54:01 - Trainer - INFO -   Patience: 1/100
2026-01-03 12:54:01 - Trainer - INFO - ================================================================================
2026-01-03 12:54:41 - Trainer - INFO - Epoch 8/1000 - Train Loss: 0.904996, Pos: 0.238802, Yaw: 0.333097
2026-01-03 12:54:49 - Trainer - INFO - ================================================================================
2026-01-03 12:54:49 - Trainer - INFO - Epoch 8/1000 - Validation Results
2026-01-03 12:54:49 - Trainer - INFO - --------------------------------------------------------------------------------
2026-01-03 12:54:49 - Trainer - INFO -   Loss:       Total=0.197616, Position=0.105902, Yaw=0.045857
2026-01-03 12:54:49 - Trainer - INFO -   Position:   Mean= 26.35 cm, Median= 20.51 cm, Std= 30.49 cm, 95th= 55.66 cm
2026-01-03 12:54:49 - Trainer - INFO -   Yaw Angle:  Mean=  7.02°,  Median=  5.06°,  Std= 10.11°,  95th= 16.76°
2026-01-03 12:54:49 - Trainer - INFO -   Learning Rate: 1.00e-03
2026-01-03 12:54:50 - Trainer - INFO -   ✓ NEW BEST! Improved by 62.37% - Model saved
2026-01-03 12:54:50 - Trainer - INFO - ================================================================================
2026-01-03 12:55:32 - Trainer - INFO - Epoch 9/1000 - Train Loss: 0.552412, Pos: 0.195467, Yaw: 0.178473
2026-01-03 12:55:39 - Trainer - INFO - ================================================================================
2026-01-03 12:55:39 - Trainer - INFO - Epoch 9/1000 - Validation Results
2026-01-03 12:55:39 - Trainer - INFO - --------------------------------------------------------------------------------
2026-01-03 12:55:39 - Trainer - INFO -   Loss:       Total=0.194149, Position=0.081303, Yaw=0.056423
2026-01-03 12:55:39 - Trainer - INFO -   Position:   Mean= 19.61 cm, Median= 14.60 cm, Std= 29.53 cm, 95th= 38.14 cm
2026-01-03 12:55:39 - Trainer - INFO -   Yaw Angle:  Mean=  9.07°,  Median=  7.56°,  Std= 10.20°,  95th= 18.82°
2026-01-03 12:55:39 - Trainer - INFO -   Learning Rate: 1.00e-03
2026-01-03 12:55:40 - Trainer - INFO -   ✓ NEW BEST! Improved by 1.75% - Model saved
2026-01-03 12:55:40 - Trainer - INFO - ================================================================================
2026-01-03 12:56:19 - Trainer - INFO - Epoch 10/1000 - Train Loss: 0.627426, Pos: 0.196543, Yaw: 0.215441
2026-01-03 12:56:26 - Trainer - INFO - ================================================================================
2026-01-03 12:56:26 - Trainer - INFO - Epoch 10/1000 - Validation Results
2026-01-03 12:56:26 - Trainer - INFO - --------------------------------------------------------------------------------
2026-01-03 12:56:26 - Trainer - INFO -   Loss:       Total=0.235507, Position=0.099408, Yaw=0.068050
2026-01-03 12:56:26 - Trainer - INFO -   Position:   Mean= 27.06 cm, Median= 21.30 cm, Std= 29.41 cm, 95th= 55.78 cm
2026-01-03 12:56:26 - Trainer - INFO -   Yaw Angle:  Mean= 10.76°,  Median=  9.51°,  Std= 10.42°,  95th= 22.50°
2026-01-03 12:56:26 - Trainer - INFO -   Learning Rate: 1.00e-03
2026-01-03 12:56:26 - Trainer - INFO -   Patience: 1/100
2026-01-03 12:56:26 - Trainer - INFO - ================================================================================
2026-01-03 12:57:07 - Trainer - INFO - Epoch 11/1000 - Train Loss: 0.433114, Pos: 0.147280, Yaw: 0.142917
2026-01-03 12:57:14 - Trainer - INFO - ================================================================================
2026-01-03 12:57:14 - Trainer - INFO - Epoch 11/1000 - Validation Results
2026-01-03 12:57:14 - Trainer - INFO - --------------------------------------------------------------------------------
2026-01-03 12:57:14 - Trainer - INFO -   Loss:       Total=0.149379, Position=0.075047, Yaw=0.037166
2026-01-03 12:57:14 - Trainer - INFO -   Position:   Mean= 17.74 cm, Median= 13.19 cm, Std= 27.45 cm, 95th= 35.70 cm
2026-01-03 12:57:14 - Trainer - INFO -   Yaw Angle:  Mean=  5.79°,  Median=  4.23°,  Std=  9.45°,  95th= 12.09°
2026-01-03 12:57:14 - Trainer - INFO -   Learning Rate: 1.00e-03
2026-01-03 12:57:15 - Trainer - INFO -   ✓ NEW BEST! Improved by 23.06% - Model saved
2026-01-03 12:57:15 - Trainer - INFO - ================================================================================
2026-01-03 12:57:55 - Trainer - INFO - Epoch 12/1000 - Train Loss: 0.505945, Pos: 0.150969, Yaw: 0.177488
2026-01-03 12:58:02 - Trainer - INFO - ================================================================================
2026-01-03 12:58:02 - Trainer - INFO - Epoch 12/1000 - Validation Results
2026-01-03 12:58:02 - Trainer - INFO - --------------------------------------------------------------------------------
2026-01-03 12:58:02 - Trainer - INFO -   Loss:       Total=0.144731, Position=0.073519, Yaw=0.035606
2026-01-03 12:58:02 - Trainer - INFO -   Position:   Mean= 21.03 cm, Median= 16.99 cm, Std= 25.97 cm, 95th= 38.92 cm
2026-01-03 12:58:02 - Trainer - INFO -   Yaw Angle:  Mean=  7.32°,  Median=  6.28°,  Std=  7.99°,  95th= 14.91°
2026-01-03 12:58:02 - Trainer - INFO -   Learning Rate: 1.00e-03
2026-01-03 12:58:03 - Trainer - INFO -   ✓ NEW BEST! Improved by 3.11% - Model saved
2026-01-03 12:58:03 - Trainer - INFO - ================================================================================
2026-01-03 12:58:44 - Trainer - INFO - Epoch 13/1000 - Train Loss: 0.522395, Pos: 0.158130, Yaw: 0.182132
2026-01-03 12:58:51 - Trainer - INFO - ================================================================================
2026-01-03 12:58:51 - Trainer - INFO - Epoch 13/1000 - Validation Results
2026-01-03 12:58:51 - Trainer - INFO - --------------------------------------------------------------------------------
2026-01-03 12:58:51 - Trainer - INFO -   Loss:       Total=0.147234, Position=0.082348, Yaw=0.032443
2026-01-03 12:58:51 - Trainer - INFO -   Position:   Mean= 23.04 cm, Median= 19.09 cm, Std= 27.29 cm, 95th= 40.88 cm
2026-01-03 12:58:51 - Trainer - INFO -   Yaw Angle:  Mean=  4.80°,  Median=  3.43°,  Std=  9.18°,  95th= 10.05°
2026-01-03 12:58:51 - Trainer - INFO -   Learning Rate: 1.00e-03
2026-01-03 12:58:51 - Trainer - INFO -   Patience: 1/100
2026-01-03 12:58:51 - Trainer - INFO - ================================================================================
2026-01-03 12:59:34 - Trainer - INFO - Epoch 14/1000 - Train Loss: 0.375394, Pos: 0.134663, Yaw: 0.120365
2026-01-03 12:59:41 - Trainer - INFO - ================================================================================
2026-01-03 12:59:41 - Trainer - INFO - Epoch 14/1000 - Validation Results
2026-01-03 12:59:41 - Trainer - INFO - --------------------------------------------------------------------------------
2026-01-03 12:59:41 - Trainer - INFO -   Loss:       Total=0.129384, Position=0.065621, Yaw=0.031882
2026-01-03 12:59:41 - Trainer - INFO -   Position:   Mean= 15.34 cm, Median= 10.99 cm, Std= 26.39 cm, 95th= 27.09 cm
2026-01-03 12:59:41 - Trainer - INFO -   Yaw Angle:  Mean=  4.30°,  Median=  2.71°,  Std=  9.33°,  95th= 10.08°
2026-01-03 12:59:41 - Trainer - INFO -   Learning Rate: 1.00e-03
2026-01-03 12:59:42 - Trainer - INFO -   ✓ NEW BEST! Improved by 10.60% - Model saved
2026-01-03 12:59:42 - Trainer - INFO - ================================================================================
2026-01-03 13:00:23 - Trainer - INFO - Epoch 15/1000 - Train Loss: 0.364346, Pos: 0.122880, Yaw: 0.120733
2026-01-03 13:00:30 - Trainer - INFO - ================================================================================
2026-01-03 13:00:30 - Trainer - INFO - Epoch 15/1000 - Validation Results
2026-01-03 13:00:30 - Trainer - INFO - --------------------------------------------------------------------------------
2026-01-03 13:00:30 - Trainer - INFO -   Loss:       Total=0.156354, Position=0.062961, Yaw=0.046696
2026-01-03 13:00:30 - Trainer - INFO -   Position:   Mean= 15.23 cm, Median= 11.11 cm, Std= 25.69 cm, 95th= 27.78 cm
2026-01-03 13:00:30 - Trainer - INFO -   Yaw Angle:  Mean=  7.91°,  Median=  6.49°,  Std=  9.56°,  95th= 17.09°
2026-01-03 13:00:30 - Trainer - INFO -   Learning Rate: 1.00e-03
2026-01-03 13:00:30 - Trainer - INFO -   Patience: 1/100
2026-01-03 13:00:30 - Trainer - INFO - ================================================================================
2026-01-03 13:01:10 - Trainer - INFO - Epoch 16/1000 - Train Loss: 0.365007, Pos: 0.123192, Yaw: 0.120907
2026-01-03 13:01:17 - Trainer - INFO - ================================================================================
2026-01-03 13:01:17 - Trainer - INFO - Epoch 16/1000 - Validation Results
2026-01-03 13:01:17 - Trainer - INFO - --------------------------------------------------------------------------------
2026-01-03 13:01:17 - Trainer - INFO -   Loss:       Total=0.135755, Position=0.074737, Yaw=0.030509
2026-01-03 13:01:17 - Trainer - INFO -   Position:   Mean= 19.10 cm, Median= 15.27 cm, Std= 26.24 cm, 95th= 34.46 cm
2026-01-03 13:01:17 - Trainer - INFO -   Yaw Angle:  Mean=  4.28°,  Median=  2.69°,  Std=  9.10°,  95th=  9.40°
2026-01-03 13:01:17 - Trainer - INFO -   Learning Rate: 1.00e-03
2026-01-03 13:01:17 - Trainer - INFO -   Patience: 2/100
2026-01-03 13:01:17 - Trainer - INFO - ================================================================================
2026-01-03 13:01:59 - Trainer - INFO - Epoch 17/1000 - Train Loss: 0.352035, Pos: 0.121965, Yaw: 0.115035
2026-01-03 13:02:05 - Trainer - INFO - ================================================================================
2026-01-03 13:02:05 - Trainer - INFO - Epoch 17/1000 - Validation Results
2026-01-03 13:02:05 - Trainer - INFO - --------------------------------------------------------------------------------
2026-01-03 13:02:05 - Trainer - INFO -   Loss:       Total=0.170273, Position=0.082560, Yaw=0.043856
2026-01-03 13:02:05 - Trainer - INFO -   Position:   Mean= 23.38 cm, Median= 19.21 cm, Std= 27.44 cm, 95th= 43.31 cm
2026-01-03 13:02:05 - Trainer - INFO -   Yaw Angle:  Mean=  6.46°,  Median=  4.78°,  Std= 10.15°,  95th= 14.85°
2026-01-03 13:02:05 - Trainer - INFO -   Learning Rate: 1.00e-03
2026-01-03 13:02:05 - Trainer - INFO -   Patience: 3/100
2026-01-03 13:02:05 - Trainer - INFO - ================================================================================
2026-01-03 13:02:46 - Trainer - INFO - Epoch 18/1000 - Train Loss: 0.362133, Pos: 0.122844, Yaw: 0.119645
2026-01-03 13:02:53 - Trainer - INFO - ================================================================================
2026-01-03 13:02:53 - Trainer - INFO - Epoch 18/1000 - Validation Results
2026-01-03 13:02:53 - Trainer - INFO - --------------------------------------------------------------------------------
2026-01-03 13:02:53 - Trainer - INFO -   Loss:       Total=0.155556, Position=0.072903, Yaw=0.041326
2026-01-03 13:02:53 - Trainer - INFO -   Position:   Mean= 20.81 cm, Median= 17.59 cm, Std= 25.86 cm, 95th= 32.80 cm
2026-01-03 13:02:53 - Trainer - INFO -   Yaw Angle:  Mean=  7.18°,  Median=  5.94°,  Std=  9.22°,  95th= 14.35°
2026-01-03 13:02:53 - Trainer - INFO -   Learning Rate: 1.00e-03
2026-01-03 13:02:53 - Trainer - INFO -   Patience: 4/100
2026-01-03 13:02:53 - Trainer - INFO - ================================================================================
2026-01-03 13:03:34 - Trainer - INFO - Epoch 19/1000 - Train Loss: 0.371616, Pos: 0.121340, Yaw: 0.125138
2026-01-03 13:03:40 - Trainer - INFO - ================================================================================
2026-01-03 13:03:40 - Trainer - INFO - Epoch 19/1000 - Validation Results
2026-01-03 13:03:40 - Trainer - INFO - --------------------------------------------------------------------------------
2026-01-03 13:03:40 - Trainer - INFO -   Loss:       Total=0.192718, Position=0.078688, Yaw=0.057015
2026-01-03 13:03:40 - Trainer - INFO -   Position:   Mean= 22.38 cm, Median= 18.52 cm, Std= 26.64 cm, 95th= 36.59 cm
2026-01-03 13:03:40 - Trainer - INFO -   Yaw Angle:  Mean=  8.10°,  Median=  6.46°,  Std= 11.08°,  95th= 16.69°
2026-01-03 13:03:40 - Trainer - INFO -   Learning Rate: 1.00e-03
2026-01-03 13:03:40 - Trainer - INFO -   Patience: 5/100
2026-01-03 13:03:40 - Trainer - INFO - ================================================================================
2026-01-03 13:04:21 - Trainer - INFO - Epoch 20/1000 - Train Loss: 0.458233, Pos: 0.155040, Yaw: 0.151596
2026-01-03 13:04:28 - Trainer - INFO - ================================================================================
2026-01-03 13:04:28 - Trainer - INFO - Epoch 20/1000 - Validation Results
2026-01-03 13:04:28 - Trainer - INFO - --------------------------------------------------------------------------------
2026-01-03 13:04:28 - Trainer - INFO -   Loss:       Total=0.135016, Position=0.067201, Yaw=0.033907
2026-01-03 13:04:28 - Trainer - INFO -   Position:   Mean= 16.18 cm, Median= 12.40 cm, Std= 26.85 cm, 95th= 26.42 cm
2026-01-03 13:04:28 - Trainer - INFO -   Yaw Angle:  Mean=  5.36°,  Median=  4.04°,  Std=  9.13°,  95th= 11.37°
2026-01-03 13:04:28 - Trainer - INFO -   Learning Rate: 1.00e-03
2026-01-03 13:04:28 - Trainer - INFO -   Patience: 6/100
2026-01-03 13:04:28 - Trainer - INFO - ================================================================================
2026-01-03 13:05:10 - Trainer - INFO - Epoch 21/1000 - Train Loss: 0.569622, Pos: 0.184516, Yaw: 0.192553
2026-01-03 13:05:16 - Trainer - INFO - ================================================================================
2026-01-03 13:05:16 - Trainer - INFO - Epoch 21/1000 - Validation Results
2026-01-03 13:05:16 - Trainer - INFO - --------------------------------------------------------------------------------
2026-01-03 13:05:16 - Trainer - INFO -   Loss:       Total=0.175290, Position=0.079687, Yaw=0.047801
2026-01-03 13:05:16 - Trainer - INFO -   Position:   Mean= 22.09 cm, Median= 17.72 cm, Std= 26.30 cm, 95th= 44.49 cm
2026-01-03 13:05:16 - Trainer - INFO -   Yaw Angle:  Mean=  7.61°,  Median=  5.29°,  Std= 10.00°,  95th= 19.67°
2026-01-03 13:05:16 - Trainer - INFO -   Learning Rate: 1.00e-03
2026-01-03 13:05:16 - Trainer - INFO -   Patience: 7/100
2026-01-03 13:05:16 - Trainer - INFO - ================================================================================
2026-01-03 13:05:57 - Trainer - INFO - Epoch 22/1000 - Train Loss: 0.460184, Pos: 0.152235, Yaw: 0.153974
2026-01-03 13:06:04 - Trainer - INFO - ================================================================================
2026-01-03 13:06:04 - Trainer - INFO - Epoch 22/1000 - Validation Results
2026-01-03 13:06:04 - Trainer - INFO - --------------------------------------------------------------------------------
2026-01-03 13:06:04 - Trainer - INFO -   Loss:       Total=0.131644, Position=0.074058, Yaw=0.028793
2026-01-03 13:06:04 - Trainer - INFO -   Position:   Mean= 18.69 cm, Median= 14.27 cm, Std= 26.05 cm, 95th= 32.81 cm
2026-01-03 13:06:04 - Trainer - INFO -   Yaw Angle:  Mean=  4.37°,  Median=  2.96°,  Std=  8.72°,  95th=  9.55°
2026-01-03 13:06:04 - Trainer - INFO -   Learning Rate: 1.00e-03
2026-01-03 13:06:04 - Trainer - INFO -   Patience: 8/100
2026-01-03 13:06:04 - Trainer - INFO - ================================================================================
2026-01-03 13:06:43 - Trainer - INFO - Epoch 23/1000 - Train Loss: 0.496486, Pos: 0.143320, Yaw: 0.176583
2026-01-03 13:06:50 - Trainer - INFO - ================================================================================
2026-01-03 13:06:50 - Trainer - INFO - Epoch 23/1000 - Validation Results
2026-01-03 13:06:50 - Trainer - INFO - --------------------------------------------------------------------------------
2026-01-03 13:06:50 - Trainer - INFO -   Loss:       Total=0.468606, Position=0.250234, Yaw=0.109186
2026-01-03 13:06:50 - Trainer - INFO -   Position:   Mean= 35.08 cm, Median= 15.81 cm, Std= 58.14 cm, 95th=166.46 cm
2026-01-03 13:06:50 - Trainer - INFO -   Yaw Angle:  Mean= 10.25°,  Median=  5.58°,  Std= 16.00°,  95th= 44.07°
2026-01-03 13:06:50 - Trainer - INFO -   Learning Rate: 1.00e-03
2026-01-03 13:06:50 - Trainer - INFO -   Patience: 9/100
2026-01-03 13:06:50 - Trainer - INFO - ================================================================================
2026-01-03 13:07:32 - Trainer - INFO - Epoch 24/1000 - Train Loss: 0.604941, Pos: 0.156299, Yaw: 0.224321
2026-01-03 13:07:38 - Trainer - INFO - ================================================================================
2026-01-03 13:07:38 - Trainer - INFO - Epoch 24/1000 - Validation Results
2026-01-03 13:07:38 - Trainer - INFO - --------------------------------------------------------------------------------
2026-01-03 13:07:38 - Trainer - INFO -   Loss:       Total=0.138335, Position=0.073770, Yaw=0.032283
2026-01-03 13:07:38 - Trainer - INFO -   Position:   Mean= 17.81 cm, Median= 13.82 cm, Std= 26.84 cm, 95th= 31.44 cm
2026-01-03 13:07:38 - Trainer - INFO -   Yaw Angle:  Mean=  5.38°,  Median=  3.92°,  Std=  8.82°,  95th= 12.80°
2026-01-03 13:07:38 - Trainer - INFO -   Learning Rate: 1.00e-03
2026-01-03 13:07:38 - Trainer - INFO -   Patience: 10/100
2026-01-03 13:07:38 - Trainer - INFO - ================================================================================
2026-01-03 13:08:19 - Trainer - INFO - Epoch 25/1000 - Train Loss: 0.395121, Pos: 0.129361, Yaw: 0.132880
2026-01-03 13:08:26 - Trainer - INFO - ================================================================================
2026-01-03 13:08:26 - Trainer - INFO - Epoch 25/1000 - Validation Results
2026-01-03 13:08:26 - Trainer - INFO - --------------------------------------------------------------------------------
2026-01-03 13:08:26 - Trainer - INFO -   Loss:       Total=0.124300, Position=0.061327, Yaw=0.031486
2026-01-03 13:08:26 - Trainer - INFO -   Position:   Mean= 16.25 cm, Median= 13.02 cm, Std= 24.67 cm, 95th= 26.78 cm
2026-01-03 13:08:26 - Trainer - INFO -   Yaw Angle:  Mean=  5.09°,  Median=  3.52°,  Std=  8.85°,  95th= 11.94°
2026-01-03 13:08:26 - Trainer - INFO -   Learning Rate: 1.00e-03
2026-01-03 13:08:27 - Trainer - INFO -   ✓ NEW BEST! Improved by 3.93% - Model saved
2026-01-03 13:08:27 - Trainer - INFO - ================================================================================
2026-01-03 13:09:07 - Trainer - INFO - Epoch 26/1000 - Train Loss: 0.351113, Pos: 0.113981, Yaw: 0.118566
2026-01-03 13:09:14 - Trainer - INFO - ================================================================================
2026-01-03 13:09:14 - Trainer - INFO - Epoch 26/1000 - Validation Results
2026-01-03 13:09:14 - Trainer - INFO - --------------------------------------------------------------------------------
2026-01-03 13:09:14 - Trainer - INFO -   Loss:       Total=0.149645, Position=0.066872, Yaw=0.041386
2026-01-03 13:09:14 - Trainer - INFO -   Position:   Mean= 20.83 cm, Median= 18.32 cm, Std= 23.44 cm, 95th= 34.05 cm
2026-01-03 13:09:14 - Trainer - INFO -   Yaw Angle:  Mean=  8.11°,  Median=  7.36°,  Std=  8.41°,  95th= 15.01°
2026-01-03 13:09:14 - Trainer - INFO -   Learning Rate: 1.00e-03
2026-01-03 13:09:14 - Trainer - INFO -   Patience: 1/100
2026-01-03 13:09:14 - Trainer - INFO - ================================================================================
2026-01-03 13:09:56 - Trainer - INFO - Epoch 27/1000 - Train Loss: 0.383572, Pos: 0.119997, Yaw: 0.131787
2026-01-03 13:10:03 - Trainer - INFO - ================================================================================
2026-01-03 13:10:03 - Trainer - INFO - Epoch 27/1000 - Validation Results
2026-01-03 13:10:03 - Trainer - INFO - --------------------------------------------------------------------------------
2026-01-03 13:10:03 - Trainer - INFO -   Loss:       Total=0.114082, Position=0.061037, Yaw=0.026523
2026-01-03 13:10:03 - Trainer - INFO -   Position:   Mean= 17.20 cm, Median= 13.44 cm, Std= 23.95 cm, 95th= 30.72 cm
2026-01-03 13:10:03 - Trainer - INFO -   Yaw Angle:  Mean=  4.99°,  Median=  3.75°,  Std=  7.93°,  95th= 11.01°
2026-01-03 13:10:03 - Trainer - INFO -   Learning Rate: 1.00e-03
2026-01-03 13:10:03 - Trainer - INFO -   ✓ NEW BEST! Improved by 8.22% - Model saved
2026-01-03 13:10:03 - Trainer - INFO - ================================================================================
2026-01-03 13:10:45 - Trainer - INFO - Epoch 28/1000 - Train Loss: 0.323912, Pos: 0.114767, Yaw: 0.104572
2026-01-03 13:10:52 - Trainer - INFO - ================================================================================
2026-01-03 13:10:52 - Trainer - INFO - Epoch 28/1000 - Validation Results
2026-01-03 13:10:52 - Trainer - INFO - --------------------------------------------------------------------------------
2026-01-03 13:10:52 - Trainer - INFO -   Loss:       Total=0.111379, Position=0.058124, Yaw=0.026628
2026-01-03 13:10:52 - Trainer - INFO -   Position:   Mean= 13.97 cm, Median= 10.13 cm, Std= 24.49 cm, 95th= 25.14 cm
2026-01-03 13:10:52 - Trainer - INFO -   Yaw Angle:  Mean=  5.49°,  Median=  4.05°,  Std=  7.60°,  95th= 12.90°
2026-01-03 13:10:52 - Trainer - INFO -   Learning Rate: 1.00e-03
2026-01-03 13:10:53 - Trainer - INFO -   ✓ NEW BEST! Improved by 2.37% - Model saved
2026-01-03 13:10:53 - Trainer - INFO - ================================================================================
2026-01-03 13:11:34 - Trainer - INFO - Epoch 29/1000 - Train Loss: 0.413302, Pos: 0.129493, Yaw: 0.141904
2026-01-03 13:11:40 - Trainer - INFO - ================================================================================
2026-01-03 13:11:40 - Trainer - INFO - Epoch 29/1000 - Validation Results
2026-01-03 13:11:40 - Trainer - INFO - --------------------------------------------------------------------------------
2026-01-03 13:11:40 - Trainer - INFO -   Loss:       Total=0.125798, Position=0.058638, Yaw=0.033580
2026-01-03 13:11:40 - Trainer - INFO -   Position:   Mean= 14.38 cm, Median= 10.88 cm, Std= 24.78 cm, 95th= 24.39 cm
2026-01-03 13:11:40 - Trainer - INFO -   Yaw Angle:  Mean=  6.53°,  Median=  5.47°,  Std=  8.26°,  95th= 12.67°
2026-01-03 13:11:40 - Trainer - INFO -   Learning Rate: 1.00e-03
2026-01-03 13:11:40 - Trainer - INFO -   Patience: 1/100
2026-01-03 13:11:40 - Trainer - INFO - ================================================================================
2026-01-03 13:12:20 - Trainer - INFO - Epoch 30/1000 - Train Loss: 0.508055, Pos: 0.145803, Yaw: 0.181126
2026-01-03 13:12:27 - Trainer - INFO - ================================================================================
2026-01-03 13:12:27 - Trainer - INFO - Epoch 30/1000 - Validation Results
2026-01-03 13:12:27 - Trainer - INFO - --------------------------------------------------------------------------------
2026-01-03 13:12:27 - Trainer - INFO -   Loss:       Total=0.121897, Position=0.058135, Yaw=0.031881
2026-01-03 13:12:27 - Trainer - INFO -   Position:   Mean= 15.55 cm, Median= 12.02 cm, Std= 23.74 cm, 95th= 28.63 cm
2026-01-03 13:12:27 - Trainer - INFO -   Yaw Angle:  Mean=  5.53°,  Median=  4.16°,  Std=  8.66°,  95th= 11.90°
2026-01-03 13:12:27 - Trainer - INFO -   Learning Rate: 1.00e-03
2026-01-03 13:12:27 - Trainer - INFO -   Patience: 2/100
2026-01-03 13:12:27 - Trainer - INFO - ================================================================================
2026-01-03 13:13:07 - Trainer - INFO - Epoch 31/1000 - Train Loss: 0.341300, Pos: 0.112903, Yaw: 0.114199
2026-01-03 13:13:14 - Trainer - INFO - ================================================================================
2026-01-03 13:13:14 - Trainer - INFO - Epoch 31/1000 - Validation Results
2026-01-03 13:13:14 - Trainer - INFO - --------------------------------------------------------------------------------
2026-01-03 13:13:14 - Trainer - INFO -   Loss:       Total=0.127325, Position=0.062313, Yaw=0.032506
2026-01-03 13:13:14 - Trainer - INFO -   Position:   Mean= 16.16 cm, Median= 11.68 cm, Std= 24.98 cm, 95th= 32.26 cm
2026-01-03 13:13:14 - Trainer - INFO -   Yaw Angle:  Mean=  4.66°,  Median=  3.16°,  Std=  9.27°,  95th=  9.80°
2026-01-03 13:13:14 - Trainer - INFO -   Learning Rate: 1.00e-03
2026-01-03 13:13:14 - Trainer - INFO -   Patience: 3/100
2026-01-03 13:13:14 - Trainer - INFO - ================================================================================
2026-01-03 13:13:55 - Trainer - INFO - Epoch 32/1000 - Train Loss: 0.326850, Pos: 0.112870, Yaw: 0.106990
2026-01-03 13:14:01 - Trainer - INFO - ================================================================================
2026-01-03 13:14:01 - Trainer - INFO - Epoch 32/1000 - Validation Results
2026-01-03 13:14:01 - Trainer - INFO - --------------------------------------------------------------------------------
2026-01-03 13:14:01 - Trainer - INFO -   Loss:       Total=0.125049, Position=0.066898, Yaw=0.029076
2026-01-03 13:14:01 - Trainer - INFO -   Position:   Mean= 16.49 cm, Median= 13.30 cm, Std= 26.51 cm, 95th= 26.54 cm
2026-01-03 13:14:01 - Trainer - INFO -   Yaw Angle:  Mean=  4.94°,  Median=  3.63°,  Std=  8.48°,  95th=  9.83°
2026-01-03 13:14:01 - Trainer - INFO -   Learning Rate: 1.00e-03
2026-01-03 13:14:01 - Trainer - INFO -   Patience: 4/100
2026-01-03 13:14:01 - Trainer - INFO - ================================================================================
2026-01-03 13:14:45 - Trainer - INFO - Epoch 33/1000 - Train Loss: 0.331164, Pos: 0.113924, Yaw: 0.108620
2026-01-03 13:14:51 - Trainer - INFO - ================================================================================
2026-01-03 13:14:51 - Trainer - INFO - Epoch 33/1000 - Validation Results
2026-01-03 13:14:51 - Trainer - INFO - --------------------------------------------------------------------------------
2026-01-03 13:14:51 - Trainer - INFO -   Loss:       Total=0.232190, Position=0.152797, Yaw=0.039696
2026-01-03 13:14:51 - Trainer - INFO -   Position:   Mean= 19.74 cm, Median= 14.03 cm, Std= 48.20 cm, 95th= 33.66 cm
2026-01-03 13:14:51 - Trainer - INFO -   Yaw Angle:  Mean=  4.11°,  Median=  2.29°,  Std= 10.70°,  95th=  8.76°
2026-01-03 13:14:51 - Trainer - INFO -   Learning Rate: 1.00e-03
2026-01-03 13:14:51 - Trainer - INFO -   Patience: 5/100
2026-01-03 13:14:51 - Trainer - INFO - ================================================================================
2026-01-03 13:15:32 - Trainer - INFO - Epoch 34/1000 - Train Loss: 0.283021, Pos: 0.105988, Yaw: 0.088516
2026-01-03 13:15:38 - Trainer - INFO - ================================================================================
2026-01-03 13:15:38 - Trainer - INFO - Epoch 34/1000 - Validation Results
2026-01-03 13:15:38 - Trainer - INFO - --------------------------------------------------------------------------------
2026-01-03 13:15:38 - Trainer - INFO -   Loss:       Total=0.103706, Position=0.051518, Yaw=0.026094
2026-01-03 13:15:38 - Trainer - INFO -   Position:   Mean= 13.16 cm, Median=  9.63 cm, Std= 22.33 cm, 95th= 25.76 cm
2026-01-03 13:15:38 - Trainer - INFO -   Yaw Angle:  Mean=  6.18°,  Median=  5.42°,  Std=  6.93°,  95th= 11.32°
2026-01-03 13:15:38 - Trainer - INFO -   Learning Rate: 1.00e-03
2026-01-03 13:15:39 - Trainer - INFO -   ✓ NEW BEST! Improved by 6.89% - Model saved
2026-01-03 13:15:39 - Trainer - INFO - ================================================================================
2026-01-03 13:16:18 - Trainer - INFO - Epoch 35/1000 - Train Loss: 0.297153, Pos: 0.107133, Yaw: 0.095010
2026-01-03 13:16:24 - Trainer - INFO - ================================================================================
2026-01-03 13:16:24 - Trainer - INFO - Epoch 35/1000 - Validation Results
2026-01-03 13:16:24 - Trainer - INFO - --------------------------------------------------------------------------------
2026-01-03 13:16:24 - Trainer - INFO -   Loss:       Total=0.106413, Position=0.056416, Yaw=0.024999
2026-01-03 13:16:24 - Trainer - INFO -   Position:   Mean= 15.52 cm, Median= 12.33 cm, Std= 22.83 cm, 95th= 28.13 cm
2026-01-03 13:16:24 - Trainer - INFO -   Yaw Angle:  Mean=  5.44°,  Median=  4.45°,  Std=  7.28°,  95th= 11.02°
2026-01-03 13:16:24 - Trainer - INFO -   Learning Rate: 1.00e-03
2026-01-03 13:16:24 - Trainer - INFO -   Patience: 1/100
2026-01-03 13:16:24 - Trainer - INFO - ================================================================================
2026-01-03 13:17:05 - Trainer - INFO - Epoch 36/1000 - Train Loss: 0.295442, Pos: 0.101331, Yaw: 0.097055
2026-01-03 13:17:11 - Trainer - INFO - ================================================================================
2026-01-03 13:17:11 - Trainer - INFO - Epoch 36/1000 - Validation Results
2026-01-03 13:17:11 - Trainer - INFO - --------------------------------------------------------------------------------
2026-01-03 13:17:11 - Trainer - INFO -   Loss:       Total=0.137409, Position=0.061423, Yaw=0.037993
2026-01-03 13:17:11 - Trainer - INFO -   Position:   Mean= 17.88 cm, Median= 15.00 cm, Std= 23.58 cm, 95th= 28.41 cm
2026-01-03 13:17:11 - Trainer - INFO -   Yaw Angle:  Mean=  4.82°,  Median=  3.48°,  Std= 10.12°,  95th=  9.72°
2026-01-03 13:17:11 - Trainer - INFO -   Learning Rate: 1.00e-03
2026-01-03 13:17:11 - Trainer - INFO -   Patience: 2/100
2026-01-03 13:17:11 - Trainer - INFO - ================================================================================
2026-01-03 13:17:53 - Trainer - INFO - Epoch 37/1000 - Train Loss: 0.286365, Pos: 0.100095, Yaw: 0.093135
2026-01-03 13:18:00 - Trainer - INFO - ================================================================================
2026-01-03 13:18:00 - Trainer - INFO - Epoch 37/1000 - Validation Results
2026-01-03 13:18:00 - Trainer - INFO - --------------------------------------------------------------------------------
2026-01-03 13:18:00 - Trainer - INFO -   Loss:       Total=0.125109, Position=0.056353, Yaw=0.034378
2026-01-03 13:18:00 - Trainer - INFO -   Position:   Mean= 14.93 cm, Median= 11.14 cm, Std= 23.52 cm, 95th= 28.08 cm
2026-01-03 13:18:00 - Trainer - INFO -   Yaw Angle:  Mean=  4.75°,  Median=  3.35°,  Std=  9.55°,  95th= 10.03°
2026-01-03 13:18:00 - Trainer - INFO -   Learning Rate: 1.00e-03
2026-01-03 13:18:00 - Trainer - INFO -   Patience: 3/100
2026-01-03 13:18:00 - Trainer - INFO - ================================================================================
2026-01-03 13:18:42 - Trainer - INFO - Epoch 38/1000 - Train Loss: 0.295580, Pos: 0.101798, Yaw: 0.096891
2026-01-03 13:18:48 - Trainer - INFO - ================================================================================
2026-01-03 13:18:48 - Trainer - INFO - Epoch 38/1000 - Validation Results
2026-01-03 13:18:48 - Trainer - INFO - --------------------------------------------------------------------------------
2026-01-03 13:18:48 - Trainer - INFO -   Loss:       Total=0.372899, Position=0.187534, Yaw=0.092682
2026-01-03 13:18:48 - Trainer - INFO -   Position:   Mean= 25.01 cm, Median= 18.49 cm, Std= 51.82 cm, 95th= 38.60 cm
2026-01-03 13:18:48 - Trainer - INFO -   Yaw Angle:  Mean=  7.65°,  Median=  4.83°,  Std= 15.76°,  95th= 15.70°
2026-01-03 13:18:48 - Trainer - INFO -   Learning Rate: 1.00e-03
2026-01-03 13:18:48 - Trainer - INFO -   Patience: 4/100
2026-01-03 13:18:48 - Trainer - INFO - ================================================================================
2026-01-03 13:19:29 - Trainer - INFO - Epoch 39/1000 - Train Loss: 0.291700, Pos: 0.098256, Yaw: 0.096722
2026-01-03 13:19:35 - Trainer - INFO - ================================================================================
2026-01-03 13:19:35 - Trainer - INFO - Epoch 39/1000 - Validation Results
2026-01-03 13:19:35 - Trainer - INFO - --------------------------------------------------------------------------------
2026-01-03 13:19:35 - Trainer - INFO -   Loss:       Total=0.118350, Position=0.052924, Yaw=0.032713
2026-01-03 13:19:35 - Trainer - INFO -   Position:   Mean= 14.55 cm, Median= 11.51 cm, Std= 22.24 cm, 95th= 23.46 cm
2026-01-03 13:19:35 - Trainer - INFO -   Yaw Angle:  Mean=  7.30°,  Median=  6.49°,  Std=  7.38°,  95th= 14.46°
2026-01-03 13:19:35 - Trainer - INFO -   Learning Rate: 1.00e-03
2026-01-03 13:19:35 - Trainer - INFO -   Patience: 5/100
2026-01-03 13:19:35 - Trainer - INFO - ================================================================================
2026-01-03 13:20:17 - Trainer - INFO - Epoch 40/1000 - Train Loss: 0.270213, Pos: 0.098944, Yaw: 0.085635
2026-01-03 13:20:24 - Trainer - INFO - ================================================================================
2026-01-03 13:20:24 - Trainer - INFO - Epoch 40/1000 - Validation Results
2026-01-03 13:20:24 - Trainer - INFO - --------------------------------------------------------------------------------
2026-01-03 13:20:24 - Trainer - INFO -   Loss:       Total=0.117629, Position=0.070206, Yaw=0.023711
2026-01-03 13:20:24 - Trainer - INFO -   Position:   Mean= 15.95 cm, Median= 12.35 cm, Std= 26.60 cm, 95th= 30.00 cm
2026-01-03 13:20:24 - Trainer - INFO -   Yaw Angle:  Mean=  3.76°,  Median=  2.66°,  Std=  8.03°,  95th=  7.83°
2026-01-03 13:20:24 - Trainer - INFO -   Learning Rate: 1.00e-03
2026-01-03 13:20:24 - Trainer - INFO -   Patience: 6/100
2026-01-03 13:20:24 - Trainer - INFO - ================================================================================
2026-01-03 13:21:06 - Trainer - INFO - Epoch 41/1000 - Train Loss: 0.259894, Pos: 0.097410, Yaw: 0.081242
2026-01-03 13:21:12 - Trainer - INFO - ================================================================================
2026-01-03 13:21:12 - Trainer - INFO - Epoch 41/1000 - Validation Results
2026-01-03 13:21:12 - Trainer - INFO - --------------------------------------------------------------------------------
2026-01-03 13:21:12 - Trainer - INFO -   Loss:       Total=0.139913, Position=0.068183, Yaw=0.035865
2026-01-03 13:21:12 - Trainer - INFO -   Position:   Mean= 16.32 cm, Median= 13.05 cm, Std= 26.88 cm, 95th= 27.19 cm
2026-01-03 13:21:12 - Trainer - INFO -   Yaw Angle:  Mean=  6.38°,  Median=  4.70°,  Std=  8.81°,  95th= 15.03°
2026-01-03 13:21:12 - Trainer - INFO -   Learning Rate: 1.00e-03
2026-01-03 13:21:12 - Trainer - INFO -   Patience: 7/100
2026-01-03 13:21:12 - Trainer - INFO - ================================================================================
2026-01-03 13:21:52 - Trainer - INFO - Epoch 42/1000 - Train Loss: 0.264303, Pos: 0.095136, Yaw: 0.084584
2026-01-03 13:21:59 - Trainer - INFO - ================================================================================
2026-01-03 13:21:59 - Trainer - INFO - Epoch 42/1000 - Validation Results
2026-01-03 13:21:59 - Trainer - INFO - --------------------------------------------------------------------------------
2026-01-03 13:21:59 - Trainer - INFO -   Loss:       Total=0.113179, Position=0.061517, Yaw=0.025831
2026-01-03 13:21:59 - Trainer - INFO -   Position:   Mean= 14.79 cm, Median= 11.71 cm, Std= 25.60 cm, 95th= 23.48 cm
2026-01-03 13:21:59 - Trainer - INFO -   Yaw Angle:  Mean=  3.51°,  Median=  2.31°,  Std=  8.56°,  95th=  7.24°
2026-01-03 13:21:59 - Trainer - INFO -   Learning Rate: 1.00e-03
2026-01-03 13:21:59 - Trainer - INFO -   Patience: 8/100
2026-01-03 13:21:59 - Trainer - INFO - ================================================================================
2026-01-03 13:22:40 - Trainer - INFO - Epoch 43/1000 - Train Loss: 0.240272, Pos: 0.093024, Yaw: 0.073624
2026-01-03 13:22:46 - Trainer - INFO - ================================================================================
2026-01-03 13:22:46 - Trainer - INFO - Epoch 43/1000 - Validation Results
2026-01-03 13:22:46 - Trainer - INFO - --------------------------------------------------------------------------------
2026-01-03 13:22:46 - Trainer - INFO -   Loss:       Total=0.127220, Position=0.067840, Yaw=0.029690
2026-01-03 13:22:46 - Trainer - INFO -   Position:   Mean= 15.60 cm, Median= 12.07 cm, Std= 27.64 cm, 95th= 25.62 cm
2026-01-03 13:22:46 - Trainer - INFO -   Yaw Angle:  Mean=  3.65°,  Median=  2.45°,  Std=  9.22°,  95th=  7.13°
2026-01-03 13:22:46 - Trainer - INFO -   Learning Rate: 1.00e-03
2026-01-03 13:22:46 - Trainer - INFO -   Patience: 9/100
2026-01-03 13:22:46 - Trainer - INFO - ================================================================================
2026-01-03 13:23:27 - Trainer - INFO - Epoch 44/1000 - Train Loss: 0.260352, Pos: 0.090437, Yaw: 0.084957
2026-01-03 13:23:33 - Trainer - INFO - ================================================================================
2026-01-03 13:23:33 - Trainer - INFO - Epoch 44/1000 - Validation Results
2026-01-03 13:23:33 - Trainer - INFO - --------------------------------------------------------------------------------
2026-01-03 13:23:33 - Trainer - INFO -   Loss:       Total=0.579832, Position=0.495115, Yaw=0.042359
2026-01-03 13:23:33 - Trainer - INFO -   Position:   Mean= 19.86 cm, Median= 11.68 cm, Std= 94.93 cm, 95th= 26.79 cm
2026-01-03 13:23:33 - Trainer - INFO -   Yaw Angle:  Mean=  5.24°,  Median=  3.55°,  Std= 10.33°,  95th= 11.33°
2026-01-03 13:23:33 - Trainer - INFO -   Learning Rate: 1.00e-03
2026-01-03 13:23:33 - Trainer - INFO -   Patience: 10/100
2026-01-03 13:23:33 - Trainer - INFO - ================================================================================
2026-01-03 13:24:14 - Trainer - INFO - Epoch 45/1000 - Train Loss: 0.228248, Pos: 0.090611, Yaw: 0.068819
2026-01-03 13:24:21 - Trainer - INFO - ================================================================================
2026-01-03 13:24:21 - Trainer - INFO - Epoch 45/1000 - Validation Results
2026-01-03 13:24:21 - Trainer - INFO - --------------------------------------------------------------------------------
2026-01-03 13:24:21 - Trainer - INFO -   Loss:       Total=5.174091, Position=5.078226, Yaw=0.047933
2026-01-03 13:24:21 - Trainer - INFO -   Position:   Mean= 37.80 cm, Median= 13.15 cm, Std=317.31 cm, 95th= 32.86 cm
2026-01-03 13:24:21 - Trainer - INFO -   Yaw Angle:  Mean=  5.73°,  Median=  3.75°,  Std= 11.22°,  95th= 12.83°
2026-01-03 13:24:21 - Trainer - INFO -   Learning Rate: 1.00e-03
2026-01-03 13:24:21 - Trainer - INFO -   Patience: 11/100
2026-01-03 13:24:21 - Trainer - INFO - ================================================================================
2026-01-03 13:25:03 - Trainer - INFO - Epoch 46/1000 - Train Loss: 0.226459, Pos: 0.086250, Yaw: 0.070104
2026-01-03 13:25:09 - Trainer - INFO - ================================================================================
2026-01-03 13:25:09 - Trainer - INFO - Epoch 46/1000 - Validation Results
2026-01-03 13:25:09 - Trainer - INFO - --------------------------------------------------------------------------------
2026-01-03 13:25:09 - Trainer - INFO -   Loss:       Total=0.806446, Position=0.740640, Yaw=0.032903
2026-01-03 13:25:09 - Trainer - INFO -   Position:   Mean= 19.37 cm, Median= 11.27 cm, Std=119.27 cm, 95th= 24.56 cm
2026-01-03 13:25:09 - Trainer - INFO -   Yaw Angle:  Mean=  5.34°,  Median=  4.01°,  Std=  8.97°,  95th= 10.57°
2026-01-03 13:25:09 - Trainer - INFO -   Learning Rate: 1.00e-03
2026-01-03 13:25:09 - Trainer - INFO -   Patience: 12/100
2026-01-03 13:25:09 - Trainer - INFO - ================================================================================
2026-01-03 13:25:50 - Trainer - INFO - Epoch 47/1000 - Train Loss: 0.223899, Pos: 0.083258, Yaw: 0.070320
2026-01-03 13:25:57 - Trainer - INFO - ================================================================================
2026-01-03 13:25:57 - Trainer - INFO - Epoch 47/1000 - Validation Results
2026-01-03 13:25:57 - Trainer - INFO - --------------------------------------------------------------------------------
2026-01-03 13:25:57 - Trainer - INFO -   Loss:       Total=0.098301, Position=0.053749, Yaw=0.022276
2026-01-03 13:25:57 - Trainer - INFO -   Position:   Mean= 13.21 cm, Median=  9.57 cm, Std= 23.36 cm, 95th= 25.09 cm
2026-01-03 13:25:57 - Trainer - INFO -   Yaw Angle:  Mean=  3.42°,  Median=  2.19°,  Std=  7.88°,  95th=  7.50°
2026-01-03 13:25:57 - Trainer - INFO -   Learning Rate: 1.00e-03
2026-01-03 13:25:58 - Trainer - INFO -   ✓ NEW BEST! Improved by 5.21% - Model saved
2026-01-03 13:25:58 - Trainer - INFO - ================================================================================
2026-01-03 13:26:39 - Trainer - INFO - Epoch 48/1000 - Train Loss: 0.239016, Pos: 0.087094, Yaw: 0.075961
2026-01-03 13:26:46 - Trainer - INFO - ================================================================================
2026-01-03 13:26:46 - Trainer - INFO - Epoch 48/1000 - Validation Results
2026-01-03 13:26:46 - Trainer - INFO - --------------------------------------------------------------------------------
2026-01-03 13:26:46 - Trainer - INFO -   Loss:       Total=0.112522, Position=0.061549, Yaw=0.025486
2026-01-03 13:26:46 - Trainer - INFO -   Position:   Mean= 17.53 cm, Median= 13.60 cm, Std= 23.97 cm, 95th= 29.98 cm
2026-01-03 13:26:46 - Trainer - INFO -   Yaw Angle:  Mean=  4.03°,  Median=  2.61°,  Std=  8.26°,  95th=  9.56°
2026-01-03 13:26:46 - Trainer - INFO -   Learning Rate: 1.00e-03
2026-01-03 13:26:46 - Trainer - INFO -   Patience: 1/100
2026-01-03 13:26:46 - Trainer - INFO - ================================================================================
2026-01-03 13:27:26 - Trainer - INFO - Epoch 49/1000 - Train Loss: 0.245904, Pos: 0.089329, Yaw: 0.078288
2026-01-03 13:27:33 - Trainer - INFO - ================================================================================
2026-01-03 13:27:33 - Trainer - INFO - Epoch 49/1000 - Validation Results
2026-01-03 13:27:33 - Trainer - INFO - --------------------------------------------------------------------------------
2026-01-03 13:27:33 - Trainer - INFO -   Loss:       Total=0.085142, Position=0.050697, Yaw=0.017223
2026-01-03 13:27:33 - Trainer - INFO -   Position:   Mean= 11.62 cm, Median=  8.67 cm, Std= 22.68 cm, 95th= 19.40 cm
2026-01-03 13:27:33 - Trainer - INFO -   Yaw Angle:  Mean=  3.97°,  Median=  2.88°,  Std=  6.42°,  95th=  8.99°
2026-01-03 13:27:33 - Trainer - INFO -   Learning Rate: 1.00e-03
2026-01-03 13:27:33 - Trainer - INFO -   ✓ NEW BEST! Improved by 13.39% - Model saved
2026-01-03 13:27:33 - Trainer - INFO - ================================================================================
2026-01-03 13:28:16 - Trainer - INFO - Epoch 50/1000 - Train Loss: 0.217695, Pos: 0.077213, Yaw: 0.070241
2026-01-03 13:28:22 - Trainer - INFO - ================================================================================
2026-01-03 13:28:22 - Trainer - INFO - Epoch 50/1000 - Validation Results
2026-01-03 13:28:22 - Trainer - INFO - --------------------------------------------------------------------------------
2026-01-03 13:28:22 - Trainer - INFO -   Loss:       Total=0.120877, Position=0.055324, Yaw=0.032776
2026-01-03 13:28:22 - Trainer - INFO -   Position:   Mean= 13.09 cm, Median=  9.21 cm, Std= 24.17 cm, 95th= 25.31 cm
2026-01-03 13:28:22 - Trainer - INFO -   Yaw Angle:  Mean=  5.27°,  Median=  4.01°,  Std=  8.97°,  95th= 11.47°
2026-01-03 13:28:22 - Trainer - INFO -   Learning Rate: 1.00e-03
2026-01-03 13:28:22 - Trainer - INFO -   Patience: 1/100
2026-01-03 13:28:22 - Trainer - INFO - ================================================================================
2026-01-03 13:29:04 - Trainer - INFO - Epoch 51/1000 - Train Loss: 0.244239, Pos: 0.083054, Yaw: 0.080593
2026-01-03 13:29:11 - Trainer - INFO - ================================================================================
2026-01-03 13:29:11 - Trainer - INFO - Epoch 51/1000 - Validation Results
2026-01-03 13:29:11 - Trainer - INFO - --------------------------------------------------------------------------------
2026-01-03 13:29:11 - Trainer - INFO -   Loss:       Total=29.384191, Position=29.207341, Yaw=0.088425
2026-01-03 13:29:11 - Trainer - INFO -   Position:   Mean= 72.18 cm, Median=  8.86 cm, Std=763.70 cm, 95th= 26.32 cm
2026-01-03 13:29:11 - Trainer - INFO -   Yaw Angle:  Mean=  5.34°,  Median=  2.37°,  Std= 16.23°,  95th=  9.73°
2026-01-03 13:29:11 - Trainer - INFO -   Learning Rate: 1.00e-03
2026-01-03 13:29:11 - Trainer - INFO -   Patience: 2/100
2026-01-03 13:29:11 - Trainer - INFO - ================================================================================
2026-01-03 13:29:53 - Trainer - INFO - Epoch 52/1000 - Train Loss: 0.245947, Pos: 0.086017, Yaw: 0.079965
2026-01-03 13:30:00 - Trainer - INFO - ================================================================================
2026-01-03 13:30:00 - Trainer - INFO - Epoch 52/1000 - Validation Results
2026-01-03 13:30:00 - Trainer - INFO - --------------------------------------------------------------------------------
2026-01-03 13:30:00 - Trainer - INFO -   Loss:       Total=0.087835, Position=0.054075, Yaw=0.016880
2026-01-03 13:30:00 - Trainer - INFO -   Position:   Mean= 16.23 cm, Median= 12.26 cm, Std= 21.59 cm, 95th= 32.15 cm
2026-01-03 13:30:00 - Trainer - INFO -   Yaw Angle:  Mean=  4.13°,  Median=  3.20°,  Std=  6.22°,  95th=  9.10°
2026-01-03 13:30:00 - Trainer - INFO -   Learning Rate: 1.00e-03
2026-01-03 13:30:00 - Trainer - INFO -   Patience: 3/100
2026-01-03 13:30:00 - Trainer - INFO - ================================================================================
2026-01-03 13:30:39 - Trainer - INFO - Epoch 53/1000 - Train Loss: 0.211897, Pos: 0.081634, Yaw: 0.065131
2026-01-03 13:30:46 - Trainer - INFO - ================================================================================
2026-01-03 13:30:46 - Trainer - INFO - Epoch 53/1000 - Validation Results
2026-01-03 13:30:46 - Trainer - INFO - --------------------------------------------------------------------------------
2026-01-03 13:30:46 - Trainer - INFO -   Loss:       Total=0.087279, Position=0.052196, Yaw=0.017541
2026-01-03 13:30:46 - Trainer - INFO -   Position:   Mean= 12.37 cm, Median=  9.63 cm, Std= 22.93 cm, 95th= 20.66 cm
2026-01-03 13:30:46 - Trainer - INFO -   Yaw Angle:  Mean=  3.02°,  Median=  2.13°,  Std=  7.00°,  95th=  6.02°
2026-01-03 13:30:46 - Trainer - INFO -   Learning Rate: 1.00e-03
2026-01-03 13:30:46 - Trainer - INFO -   Patience: 4/100
2026-01-03 13:30:46 - Trainer - INFO - ================================================================================
2026-01-03 13:31:26 - Trainer - INFO - Epoch 54/1000 - Train Loss: 0.235942, Pos: 0.079440, Yaw: 0.078251
2026-01-03 13:31:32 - Trainer - INFO - ================================================================================
2026-01-03 13:31:32 - Trainer - INFO - Epoch 54/1000 - Validation Results
2026-01-03 13:31:32 - Trainer - INFO - --------------------------------------------------------------------------------
2026-01-03 13:31:32 - Trainer - INFO -   Loss:       Total=0.091622, Position=0.053821, Yaw=0.018900
2026-01-03 13:31:32 - Trainer - INFO -   Position:   Mean= 11.29 cm, Median=  8.70 cm, Std= 24.40 cm, 95th= 17.70 cm
2026-01-03 13:31:32 - Trainer - INFO -   Yaw Angle:  Mean=  3.98°,  Median=  3.12°,  Std=  6.83°,  95th=  7.99°
2026-01-03 13:31:32 - Trainer - INFO -   Learning Rate: 1.00e-03
2026-01-03 13:31:32 - Trainer - INFO -   Patience: 5/100
2026-01-03 13:31:32 - Trainer - INFO - ================================================================================
2026-01-03 13:32:13 - Trainer - INFO - Epoch 55/1000 - Train Loss: 0.232938, Pos: 0.078158, Yaw: 0.077390
2026-01-03 13:32:20 - Trainer - INFO - ================================================================================
2026-01-03 13:32:20 - Trainer - INFO - Epoch 55/1000 - Validation Results
2026-01-03 13:32:20 - Trainer - INFO - --------------------------------------------------------------------------------
2026-01-03 13:32:20 - Trainer - INFO -   Loss:       Total=0.062759, Position=0.039489, Yaw=0.011635
2026-01-03 13:32:20 - Trainer - INFO -   Position:   Mean= 11.59 cm, Median=  9.12 cm, Std= 19.69 cm, 95th= 19.41 cm
2026-01-03 13:32:20 - Trainer - INFO -   Yaw Angle:  Mean=  2.98°,  Median=  2.08°,  Std=  5.44°,  95th=  6.49°
2026-01-03 13:32:20 - Trainer - INFO -   Learning Rate: 1.00e-03
2026-01-03 13:32:21 - Trainer - INFO -   ✓ NEW BEST! Improved by 26.29% - Model saved
2026-01-03 13:32:21 - Trainer - INFO - ================================================================================
2026-01-03 13:33:02 - Trainer - INFO - Epoch 56/1000 - Train Loss: 0.299188, Pos: 0.101860, Yaw: 0.098664
2026-01-03 13:33:08 - Trainer - INFO - ================================================================================
2026-01-03 13:33:08 - Trainer - INFO - Epoch 56/1000 - Validation Results
2026-01-03 13:33:08 - Trainer - INFO - --------------------------------------------------------------------------------
2026-01-03 13:33:08 - Trainer - INFO -   Loss:       Total=0.073441, Position=0.042374, Yaw=0.015534
2026-01-03 13:33:08 - Trainer - INFO -   Position:   Mean= 13.28 cm, Median= 10.73 cm, Std= 21.46 cm, 95th= 22.33 cm
2026-01-03 13:33:08 - Trainer - INFO -   Yaw Angle:  Mean=  4.34°,  Median=  3.18°,  Std=  5.69°,  95th= 10.31°
2026-01-03 13:33:08 - Trainer - INFO -   Learning Rate: 1.00e-03
2026-01-03 13:33:08 - Trainer - INFO -   Patience: 1/100
2026-01-03 13:33:08 - Trainer - INFO - ================================================================================
2026-01-03 13:33:48 - Trainer - INFO - Epoch 57/1000 - Train Loss: 0.202249, Pos: 0.069281, Yaw: 0.066484
2026-01-03 13:33:55 - Trainer - INFO - ================================================================================
2026-01-03 13:33:55 - Trainer - INFO - Epoch 57/1000 - Validation Results
2026-01-03 13:33:55 - Trainer - INFO - --------------------------------------------------------------------------------
2026-01-03 13:33:55 - Trainer - INFO -   Loss:       Total=0.082561, Position=0.042209, Yaw=0.020176
2026-01-03 13:33:55 - Trainer - INFO -   Position:   Mean= 12.93 cm, Median=  9.24 cm, Std= 22.86 cm, 95th= 27.20 cm
2026-01-03 13:33:55 - Trainer - INFO -   Yaw Angle:  Mean=  4.25°,  Median=  3.51°,  Std=  6.98°,  95th=  8.00°
2026-01-03 13:33:55 - Trainer - INFO -   Learning Rate: 1.00e-03
2026-01-03 13:33:55 - Trainer - INFO -   Patience: 2/100
2026-01-03 13:33:55 - Trainer - INFO - ================================================================================
2026-01-03 13:34:37 - Trainer - INFO - Epoch 58/1000 - Train Loss: 0.185937, Pos: 0.061181, Yaw: 0.062378
2026-01-03 13:34:44 - Trainer - INFO - ================================================================================
2026-01-03 13:34:44 - Trainer - INFO - Epoch 58/1000 - Validation Results
2026-01-03 13:34:44 - Trainer - INFO - --------------------------------------------------------------------------------
2026-01-03 13:34:44 - Trainer - INFO -   Loss:       Total=0.075954, Position=0.031163, Yaw=0.022395
2026-01-03 13:34:44 - Trainer - INFO -   Position:   Mean= 10.69 cm, Median=  7.89 cm, Std= 20.34 cm, 95th= 20.13 cm
2026-01-03 13:34:44 - Trainer - INFO -   Yaw Angle:  Mean=  5.46°,  Median=  4.69°,  Std=  6.63°,  95th= 11.75°
2026-01-03 13:34:44 - Trainer - INFO -   Learning Rate: 1.00e-03
2026-01-03 13:34:44 - Trainer - INFO -   Patience: 3/100
2026-01-03 13:34:44 - Trainer - INFO - ================================================================================
2026-01-03 13:35:25 - Trainer - INFO - Epoch 59/1000 - Train Loss: 0.200663, Pos: 0.064663, Yaw: 0.068000
2026-01-03 13:35:31 - Trainer - INFO - ================================================================================
2026-01-03 13:35:31 - Trainer - INFO - Epoch 59/1000 - Validation Results
2026-01-03 13:35:31 - Trainer - INFO - --------------------------------------------------------------------------------
2026-01-03 13:35:31 - Trainer - INFO -   Loss:       Total=0.086796, Position=0.047787, Yaw=0.019504
2026-01-03 13:35:31 - Trainer - INFO -   Position:   Mean= 15.07 cm, Median= 11.64 cm, Std= 25.58 cm, 95th= 29.42 cm
2026-01-03 13:35:31 - Trainer - INFO -   Yaw Angle:  Mean=  3.64°,  Median=  2.40°,  Std=  7.16°,  95th=  9.36°
2026-01-03 13:35:31 - Trainer - INFO -   Learning Rate: 1.00e-03
2026-01-03 13:35:31 - Trainer - INFO -   Patience: 4/100
2026-01-03 13:35:31 - Trainer - INFO - ================================================================================
2026-01-03 13:36:14 - Trainer - INFO - Epoch 60/1000 - Train Loss: 0.186657, Pos: 0.063837, Yaw: 0.061410
2026-01-03 13:36:21 - Trainer - INFO - ================================================================================
2026-01-03 13:36:21 - Trainer - INFO - Epoch 60/1000 - Validation Results
2026-01-03 13:36:21 - Trainer - INFO - --------------------------------------------------------------------------------
2026-01-03 13:36:21 - Trainer - INFO -   Loss:       Total=15.062843, Position=14.974805, Yaw=0.044019
2026-01-03 13:36:21 - Trainer - INFO -   Position:   Mean= 53.53 cm, Median=  8.24 cm, Std=546.84 cm, 95th= 20.67 cm
2026-01-03 13:36:21 - Trainer - INFO -   Yaw Angle:  Mean=  4.35°,  Median=  2.52°,  Std= 11.26°,  95th=  8.28°
2026-01-03 13:36:21 - Trainer - INFO -   Learning Rate: 1.00e-03
2026-01-03 13:36:21 - Trainer - INFO -   Patience: 5/100
2026-01-03 13:36:21 - Trainer - INFO - ================================================================================
2026-01-03 13:37:00 - Trainer - INFO - Epoch 61/1000 - Train Loss: 0.188605, Pos: 0.064549, Yaw: 0.062028
2026-01-03 13:37:06 - Trainer - INFO - ================================================================================
2026-01-03 13:37:06 - Trainer - INFO - Epoch 61/1000 - Validation Results
2026-01-03 13:37:06 - Trainer - INFO - --------------------------------------------------------------------------------
2026-01-03 13:37:06 - Trainer - INFO -   Loss:       Total=0.073012, Position=0.036716, Yaw=0.018148
2026-01-03 13:37:06 - Trainer - INFO -   Position:   Mean= 13.65 cm, Median= 11.50 cm, Std= 22.05 cm, 95th= 22.80 cm
2026-01-03 13:37:06 - Trainer - INFO -   Yaw Angle:  Mean=  4.49°,  Median=  3.61°,  Std=  6.30°,  95th=  9.87°
2026-01-03 13:37:06 - Trainer - INFO -   Learning Rate: 1.00e-03
2026-01-03 13:37:06 - Trainer - INFO -   Patience: 6/100
2026-01-03 13:37:06 - Trainer - INFO - ================================================================================
2026-01-03 13:37:47 - Trainer - INFO - Epoch 62/1000 - Train Loss: 0.196527, Pos: 0.060239, Yaw: 0.068144
2026-01-03 13:37:54 - Trainer - INFO - ================================================================================
2026-01-03 13:37:54 - Trainer - INFO - Epoch 62/1000 - Validation Results
2026-01-03 13:37:54 - Trainer - INFO - --------------------------------------------------------------------------------
2026-01-03 13:37:54 - Trainer - INFO -   Loss:       Total=0.066828, Position=0.030827, Yaw=0.018000
2026-01-03 13:37:54 - Trainer - INFO -   Position:   Mean= 12.93 cm, Median= 10.44 cm, Std= 19.99 cm, 95th= 25.59 cm
2026-01-03 13:37:54 - Trainer - INFO -   Yaw Angle:  Mean=  4.90°,  Median=  4.01°,  Std=  5.94°,  95th= 10.57°
2026-01-03 13:37:54 - Trainer - INFO -   Learning Rate: 1.00e-03
2026-01-03 13:37:54 - Trainer - INFO -   Patience: 7/100
2026-01-03 13:37:54 - Trainer - INFO - ================================================================================
2026-01-03 13:38:36 - Trainer - INFO - Epoch 63/1000 - Train Loss: 0.195847, Pos: 0.060395, Yaw: 0.067726
2026-01-03 13:38:43 - Trainer - INFO - ================================================================================
2026-01-03 13:38:43 - Trainer - INFO - Epoch 63/1000 - Validation Results
2026-01-03 13:38:43 - Trainer - INFO - --------------------------------------------------------------------------------
2026-01-03 13:38:43 - Trainer - INFO -   Loss:       Total=0.076523, Position=0.041337, Yaw=0.017593
2026-01-03 13:38:43 - Trainer - INFO -   Position:   Mean= 10.91 cm, Median=  7.46 cm, Std= 25.43 cm, 95th= 19.84 cm
2026-01-03 13:38:43 - Trainer - INFO -   Yaw Angle:  Mean=  4.49°,  Median=  3.51°,  Std=  6.16°,  95th=  9.94°
2026-01-03 13:38:43 - Trainer - INFO -   Learning Rate: 1.00e-03
2026-01-03 13:38:43 - Trainer - INFO -   Patience: 8/100
2026-01-03 13:38:43 - Trainer - INFO - ================================================================================
