2026-01-03 13:39:39 - Trainer - INFO - Model parameters: 12,536,876
2026-01-03 13:39:39 - Trainer - INFO - Training samples: 8869
2026-01-03 13:39:39 - Trainer - INFO - Validation samples: 1774
2026-01-03 13:39:39 - Trainer - INFO - LR Scheduler: CosineAnnealingLR
2026-01-03 13:39:39 - Trainer - INFO - Starting training...
2026-01-03 13:39:39 - Trainer - INFO - ============================================================
2026-01-03 13:40:22 - Trainer - INFO - Epoch 1/1000 - Train Loss: 4.299531, Pos: 1.609650, Yaw: 1.344941
2026-01-03 13:40:28 - Trainer - INFO - ================================================================================
2026-01-03 13:40:28 - Trainer - INFO - Epoch 1/1000 - Validation Results
2026-01-03 13:40:28 - Trainer - INFO - --------------------------------------------------------------------------------
2026-01-03 13:40:28 - Trainer - INFO -   Loss:       Total=1.617577, Position=0.499741, Yaw=0.558918
2026-01-03 13:40:28 - Trainer - INFO -   Position:   Mean= 85.91 cm, Median= 82.03 cm, Std= 44.90 cm, 95th=163.81 cm
2026-01-03 13:40:28 - Trainer - INFO -   Yaw Angle:  Mean= 34.58°,  Median= 30.79°,  Std= 25.15°,  95th= 76.75°
2026-01-03 13:40:28 - Trainer - INFO -   Learning Rate: 1.00e-03
2026-01-03 13:40:30 - Trainer - INFO -   ✓ NEW BEST! Improved by nan% - Model saved
2026-01-03 13:40:30 - Trainer - INFO - ================================================================================
2026-01-03 13:41:17 - Trainer - INFO - Epoch 2/1000 - Train Loss: 2.268242, Pos: 0.599317, Yaw: 0.834463
2026-01-03 13:41:23 - Trainer - INFO - ================================================================================
2026-01-03 13:41:23 - Trainer - INFO - Epoch 2/1000 - Validation Results
2026-01-03 13:41:23 - Trainer - INFO - --------------------------------------------------------------------------------
2026-01-03 13:41:23 - Trainer - INFO -   Loss:       Total=1.486741, Position=0.420988, Yaw=0.532877
2026-01-03 13:41:23 - Trainer - INFO -   Position:   Mean= 78.86 cm, Median= 76.87 cm, Std= 41.29 cm, 95th=139.67 cm
2026-01-03 13:41:23 - Trainer - INFO -   Yaw Angle:  Mean= 33.71°,  Median= 30.53°,  Std= 24.89°,  95th= 74.19°
2026-01-03 13:41:23 - Trainer - INFO -   Learning Rate: 1.00e-03
2026-01-03 13:41:24 - Trainer - INFO -   ✓ NEW BEST! Improved by 8.09% - Model saved
2026-01-03 13:41:24 - Trainer - INFO - ================================================================================
2026-01-03 13:42:05 - Trainer - INFO - Epoch 3/1000 - Train Loss: 2.033438, Pos: 0.521588, Yaw: 0.755925
2026-01-03 13:42:11 - Trainer - INFO - ================================================================================
2026-01-03 13:42:11 - Trainer - INFO - Epoch 3/1000 - Validation Results
2026-01-03 13:42:11 - Trainer - INFO - --------------------------------------------------------------------------------
2026-01-03 13:42:11 - Trainer - INFO -   Loss:       Total=1.511549, Position=0.508125, Yaw=0.501712
2026-01-03 13:42:11 - Trainer - INFO -   Position:   Mean= 84.34 cm, Median= 80.93 cm, Std= 42.83 cm, 95th=149.60 cm
2026-01-03 13:42:11 - Trainer - INFO -   Yaw Angle:  Mean= 32.62°,  Median= 29.65°,  Std= 24.17°,  95th= 71.00°
2026-01-03 13:42:11 - Trainer - INFO -   Learning Rate: 1.00e-03
2026-01-03 13:42:11 - Trainer - INFO -   Patience: 1/100
2026-01-03 13:42:11 - Trainer - INFO - ================================================================================
2026-01-03 13:42:51 - Trainer - INFO - Epoch 4/1000 - Train Loss: 1.956329, Pos: 0.497893, Yaw: 0.729218
2026-01-03 13:42:57 - Trainer - INFO - ================================================================================
2026-01-03 13:42:57 - Trainer - INFO - Epoch 4/1000 - Validation Results
2026-01-03 13:42:57 - Trainer - INFO - --------------------------------------------------------------------------------
2026-01-03 13:42:57 - Trainer - INFO -   Loss:       Total=1.582671, Position=0.447147, Yaw=0.567762
2026-01-03 13:42:57 - Trainer - INFO -   Position:   Mean= 81.50 cm, Median= 76.92 cm, Std= 42.73 cm, 95th=144.91 cm
2026-01-03 13:42:57 - Trainer - INFO -   Yaw Angle:  Mean= 34.87°,  Median= 30.46°,  Std= 25.46°,  95th= 79.58°
2026-01-03 13:42:57 - Trainer - INFO -   Learning Rate: 1.00e-03
2026-01-03 13:42:57 - Trainer - INFO -   Patience: 2/100
2026-01-03 13:42:57 - Trainer - INFO - ================================================================================
2026-01-03 13:43:37 - Trainer - INFO - Epoch 5/1000 - Train Loss: 1.902229, Pos: 0.486955, Yaw: 0.707637
2026-01-03 13:43:43 - Trainer - INFO - ================================================================================
2026-01-03 13:43:43 - Trainer - INFO - Epoch 5/1000 - Validation Results
2026-01-03 13:43:43 - Trainer - INFO - --------------------------------------------------------------------------------
2026-01-03 13:43:43 - Trainer - INFO -   Loss:       Total=1.346989, Position=0.421254, Yaw=0.462867
2026-01-03 13:43:43 - Trainer - INFO -   Position:   Mean= 80.14 cm, Median= 79.21 cm, Std= 40.61 cm, 95th=140.14 cm
2026-01-03 13:43:43 - Trainer - INFO -   Yaw Angle:  Mean= 32.30°,  Median= 29.48°,  Std= 21.88°,  95th= 71.08°
2026-01-03 13:43:43 - Trainer - INFO -   Learning Rate: 1.00e-03
2026-01-03 13:43:44 - Trainer - INFO -   ✓ NEW BEST! Improved by 9.40% - Model saved
2026-01-03 13:43:44 - Trainer - INFO - ================================================================================
2026-01-03 13:44:25 - Trainer - INFO - Epoch 6/1000 - Train Loss: 1.879825, Pos: 0.480394, Yaw: 0.699716
2026-01-03 13:44:31 - Trainer - INFO - ================================================================================
2026-01-03 13:44:31 - Trainer - INFO - Epoch 6/1000 - Validation Results
2026-01-03 13:44:31 - Trainer - INFO - --------------------------------------------------------------------------------
2026-01-03 13:44:31 - Trainer - INFO -   Loss:       Total=1.321100, Position=0.415853, Yaw=0.452624
2026-01-03 13:44:31 - Trainer - INFO -   Position:   Mean= 79.50 cm, Median= 77.81 cm, Std= 40.47 cm, 95th=137.69 cm
2026-01-03 13:44:31 - Trainer - INFO -   Yaw Angle:  Mean= 31.76°,  Median= 28.92°,  Std= 21.83°,  95th= 68.21°
2026-01-03 13:44:31 - Trainer - INFO -   Learning Rate: 1.00e-03
2026-01-03 13:44:32 - Trainer - INFO -   ✓ NEW BEST! Improved by 1.92% - Model saved
2026-01-03 13:44:32 - Trainer - INFO - ================================================================================
2026-01-03 13:45:16 - Trainer - INFO - Epoch 7/1000 - Train Loss: 1.914348, Pos: 0.481284, Yaw: 0.716532
2026-01-03 13:45:22 - Trainer - INFO - ================================================================================
2026-01-03 13:45:22 - Trainer - INFO - Epoch 7/1000 - Validation Results
2026-01-03 13:45:22 - Trainer - INFO - --------------------------------------------------------------------------------
2026-01-03 13:45:22 - Trainer - INFO -   Loss:       Total=1.856016, Position=0.465363, Yaw=0.695327
2026-01-03 13:45:22 - Trainer - INFO -   Position:   Mean= 82.83 cm, Median= 79.04 cm, Std= 44.41 cm, 95th=151.36 cm
2026-01-03 13:45:22 - Trainer - INFO -   Yaw Angle:  Mean= 37.18°,  Median= 30.75°,  Std= 30.01°,  95th= 91.73°
2026-01-03 13:45:22 - Trainer - INFO -   Learning Rate: 1.00e-03
2026-01-03 13:45:22 - Trainer - INFO -   Patience: 1/100
2026-01-03 13:45:22 - Trainer - INFO - ================================================================================
2026-01-03 13:46:04 - Trainer - INFO - Epoch 8/1000 - Train Loss: 1.887444, Pos: 0.488504, Yaw: 0.699470
2026-01-03 13:46:10 - Trainer - INFO - ================================================================================
2026-01-03 13:46:10 - Trainer - INFO - Epoch 8/1000 - Validation Results
2026-01-03 13:46:10 - Trainer - INFO - --------------------------------------------------------------------------------
2026-01-03 13:46:10 - Trainer - INFO -   Loss:       Total=1.323176, Position=0.417919, Yaw=0.452629
2026-01-03 13:46:10 - Trainer - INFO -   Position:   Mean= 79.89 cm, Median= 79.10 cm, Std= 39.87 cm, 95th=131.86 cm
2026-01-03 13:46:10 - Trainer - INFO -   Yaw Angle:  Mean= 31.76°,  Median= 28.44°,  Std= 21.92°,  95th= 70.95°
2026-01-03 13:46:10 - Trainer - INFO -   Learning Rate: 1.00e-03
2026-01-03 13:46:10 - Trainer - INFO -   Patience: 2/100
2026-01-03 13:46:10 - Trainer - INFO - ================================================================================
2026-01-03 13:46:51 - Trainer - INFO - Epoch 9/1000 - Train Loss: 1.817226, Pos: 0.459362, Yaw: 0.678932
2026-01-03 13:46:57 - Trainer - INFO - ================================================================================
2026-01-03 13:46:57 - Trainer - INFO - Epoch 9/1000 - Validation Results
2026-01-03 13:46:57 - Trainer - INFO - --------------------------------------------------------------------------------
2026-01-03 13:46:57 - Trainer - INFO -   Loss:       Total=1.239158, Position=0.412325, Yaw=0.413417
2026-01-03 13:46:57 - Trainer - INFO -   Position:   Mean= 77.16 cm, Median= 73.13 cm, Std= 42.82 cm, 95th=142.07 cm
2026-01-03 13:46:57 - Trainer - INFO -   Yaw Angle:  Mean= 30.74°,  Median= 28.40°,  Std= 20.34°,  95th= 65.47°
2026-01-03 13:46:57 - Trainer - INFO -   Learning Rate: 1.00e-03
2026-01-03 13:46:59 - Trainer - INFO -   ✓ NEW BEST! Improved by 6.20% - Model saved
2026-01-03 13:46:59 - Trainer - INFO - ================================================================================
2026-01-03 13:47:39 - Trainer - INFO - Epoch 10/1000 - Train Loss: 1.937539, Pos: 0.440700, Yaw: 0.748419
2026-01-03 13:47:45 - Trainer - INFO - ================================================================================
2026-01-03 13:47:45 - Trainer - INFO - Epoch 10/1000 - Validation Results
2026-01-03 13:47:45 - Trainer - INFO - --------------------------------------------------------------------------------
2026-01-03 13:47:45 - Trainer - INFO -   Loss:       Total=1.284764, Position=0.445197, Yaw=0.419784
2026-01-03 13:47:45 - Trainer - INFO -   Position:   Mean= 80.95 cm, Median= 76.23 cm, Std= 43.61 cm, 95th=150.67 cm
2026-01-03 13:47:45 - Trainer - INFO -   Yaw Angle:  Mean= 30.93°,  Median= 28.74°,  Std= 20.57°,  95th= 66.89°
2026-01-03 13:47:45 - Trainer - INFO -   Learning Rate: 1.00e-03
2026-01-03 13:47:45 - Trainer - INFO -   Patience: 1/100
2026-01-03 13:47:45 - Trainer - INFO - ================================================================================
2026-01-03 13:48:30 - Trainer - INFO - Epoch 11/1000 - Train Loss: 1.913268, Pos: 0.482751, Yaw: 0.715259
2026-01-03 13:48:37 - Trainer - INFO - ================================================================================
2026-01-03 13:48:37 - Trainer - INFO - Epoch 11/1000 - Validation Results
2026-01-03 13:48:37 - Trainer - INFO - --------------------------------------------------------------------------------
2026-01-03 13:48:37 - Trainer - INFO -   Loss:       Total=1.267788, Position=0.423889, Yaw=0.421949
2026-01-03 13:48:37 - Trainer - INFO -   Position:   Mean= 80.87 cm, Median= 81.35 cm, Std= 39.19 cm, 95th=133.60 cm
2026-01-03 13:48:37 - Trainer - INFO -   Yaw Angle:  Mean= 31.08°,  Median= 28.94°,  Std= 20.49°,  95th= 67.24°
2026-01-03 13:48:37 - Trainer - INFO -   Learning Rate: 1.00e-03
2026-01-03 13:48:37 - Trainer - INFO -   Patience: 2/100
2026-01-03 13:48:37 - Trainer - INFO - ================================================================================
2026-01-03 13:49:19 - Trainer - INFO - Epoch 12/1000 - Train Loss: 1.812009, Pos: 0.456238, Yaw: 0.677886
2026-01-03 13:49:25 - Trainer - INFO - ================================================================================
2026-01-03 13:49:25 - Trainer - INFO - Epoch 12/1000 - Validation Results
2026-01-03 13:49:25 - Trainer - INFO - --------------------------------------------------------------------------------
2026-01-03 13:49:25 - Trainer - INFO -   Loss:       Total=1.266162, Position=0.413047, Yaw=0.426557
2026-01-03 13:49:25 - Trainer - INFO -   Position:   Mean= 79.45 cm, Median= 79.54 cm, Std= 39.50 cm, 95th=131.98 cm
2026-01-03 13:49:25 - Trainer - INFO -   Yaw Angle:  Mean= 31.03°,  Median= 28.65°,  Std= 20.97°,  95th= 67.47°
2026-01-03 13:49:25 - Trainer - INFO -   Learning Rate: 1.00e-03
2026-01-03 13:49:25 - Trainer - INFO -   Patience: 3/100
2026-01-03 13:49:25 - Trainer - INFO - ================================================================================
2026-01-03 13:50:05 - Trainer - INFO - Epoch 13/1000 - Train Loss: 1.737044, Pos: 0.447535, Yaw: 0.644755
2026-01-03 13:50:11 - Trainer - INFO - ================================================================================
2026-01-03 13:50:11 - Trainer - INFO - Epoch 13/1000 - Validation Results
2026-01-03 13:50:11 - Trainer - INFO - --------------------------------------------------------------------------------
2026-01-03 13:50:11 - Trainer - INFO -   Loss:       Total=1.348623, Position=0.415454, Yaw=0.466585
2026-01-03 13:50:11 - Trainer - INFO -   Position:   Mean= 79.62 cm, Median= 79.05 cm, Std= 40.16 cm, 95th=134.21 cm
2026-01-03 13:50:11 - Trainer - INFO -   Yaw Angle:  Mean= 32.32°,  Median= 28.91°,  Std= 22.14°,  95th= 72.18°
2026-01-03 13:50:11 - Trainer - INFO -   Learning Rate: 1.00e-03
2026-01-03 13:50:11 - Trainer - INFO -   Patience: 4/100
2026-01-03 13:50:11 - Trainer - INFO - ================================================================================
2026-01-03 13:50:51 - Trainer - INFO - Epoch 14/1000 - Train Loss: 1.612553, Pos: 0.439269, Yaw: 0.586642
2026-01-03 13:50:58 - Trainer - INFO - ================================================================================
2026-01-03 13:50:58 - Trainer - INFO - Epoch 14/1000 - Validation Results
2026-01-03 13:50:58 - Trainer - INFO - --------------------------------------------------------------------------------
2026-01-03 13:50:58 - Trainer - INFO -   Loss:       Total=1.441511, Position=0.502081, Yaw=0.469715
2026-01-03 13:50:58 - Trainer - INFO -   Position:   Mean= 82.13 cm, Median= 79.25 cm, Std= 51.53 cm, 95th=140.81 cm
2026-01-03 13:50:58 - Trainer - INFO -   Yaw Angle:  Mean= 32.07°,  Median= 29.72°,  Std= 22.57°,  95th= 69.02°
2026-01-03 13:50:58 - Trainer - INFO -   Learning Rate: 1.00e-03
2026-01-03 13:50:58 - Trainer - INFO -   Patience: 5/100
2026-01-03 13:50:58 - Trainer - INFO - ================================================================================
2026-01-03 13:51:38 - Trainer - INFO - Epoch 15/1000 - Train Loss: 1.603803, Pos: 0.441738, Yaw: 0.581033
2026-01-03 13:51:44 - Trainer - INFO - ================================================================================
2026-01-03 13:51:44 - Trainer - INFO - Epoch 15/1000 - Validation Results
2026-01-03 13:51:44 - Trainer - INFO - --------------------------------------------------------------------------------
2026-01-03 13:51:44 - Trainer - INFO -   Loss:       Total=1.327700, Position=0.411421, Yaw=0.458139
2026-01-03 13:51:44 - Trainer - INFO -   Position:   Mean= 79.68 cm, Median= 81.04 cm, Std= 39.13 cm, 95th=128.41 cm
2026-01-03 13:51:44 - Trainer - INFO -   Yaw Angle:  Mean= 32.13°,  Median= 29.40°,  Std= 21.77°,  95th= 71.00°
2026-01-03 13:51:44 - Trainer - INFO -   Learning Rate: 1.00e-03
2026-01-03 13:51:44 - Trainer - INFO -   Patience: 6/100
2026-01-03 13:51:44 - Trainer - INFO - ================================================================================
2026-01-03 13:52:25 - Trainer - INFO - Epoch 16/1000 - Train Loss: 1.567675, Pos: 0.437814, Yaw: 0.564930
2026-01-03 13:52:31 - Trainer - INFO - ================================================================================
2026-01-03 13:52:31 - Trainer - INFO - Epoch 16/1000 - Validation Results
2026-01-03 13:52:31 - Trainer - INFO - --------------------------------------------------------------------------------
2026-01-03 13:52:31 - Trainer - INFO -   Loss:       Total=1.253619, Position=0.412466, Yaw=0.420576
2026-01-03 13:52:31 - Trainer - INFO -   Position:   Mean= 79.22 cm, Median= 78.35 cm, Std= 40.34 cm, 95th=137.39 cm
2026-01-03 13:52:31 - Trainer - INFO -   Yaw Angle:  Mean= 30.94°,  Median= 28.19°,  Std= 20.62°,  95th= 67.71°
2026-01-03 13:52:31 - Trainer - INFO -   Learning Rate: 9.99e-04
2026-01-03 13:52:31 - Trainer - INFO -   Patience: 7/100
2026-01-03 13:52:31 - Trainer - INFO - ================================================================================
2026-01-03 13:53:11 - Trainer - INFO - Epoch 17/1000 - Train Loss: 1.630995, Pos: 0.449715, Yaw: 0.590640
2026-01-03 13:53:18 - Trainer - INFO - ================================================================================
2026-01-03 13:53:18 - Trainer - INFO - Epoch 17/1000 - Validation Results
2026-01-03 13:53:18 - Trainer - INFO - --------------------------------------------------------------------------------
2026-01-03 13:53:18 - Trainer - INFO -   Loss:       Total=1.259788, Position=0.408950, Yaw=0.425419
2026-01-03 13:53:18 - Trainer - INFO -   Position:   Mean= 79.02 cm, Median= 78.57 cm, Std= 39.99 cm, 95th=135.03 cm
2026-01-03 13:53:18 - Trainer - INFO -   Yaw Angle:  Mean= 31.11°,  Median= 28.49°,  Std= 20.77°,  95th= 67.57°
2026-01-03 13:53:18 - Trainer - INFO -   Learning Rate: 9.99e-04
2026-01-03 13:53:18 - Trainer - INFO -   Patience: 8/100
2026-01-03 13:53:18 - Trainer - INFO - ================================================================================
2026-01-03 13:54:02 - Trainer - INFO - Epoch 18/1000 - Train Loss: 1.668597, Pos: 0.454682, Yaw: 0.606958
2026-01-03 13:54:08 - Trainer - INFO - ================================================================================
2026-01-03 13:54:08 - Trainer - INFO - Epoch 18/1000 - Validation Results
2026-01-03 13:54:08 - Trainer - INFO - --------------------------------------------------------------------------------
2026-01-03 13:54:08 - Trainer - INFO -   Loss:       Total=1.265972, Position=0.412271, Yaw=0.426851
2026-01-03 13:54:08 - Trainer - INFO -   Position:   Mean= 79.66 cm, Median= 80.58 cm, Std= 39.46 cm, 95th=131.40 cm
2026-01-03 13:54:08 - Trainer - INFO -   Yaw Angle:  Mean= 31.12°,  Median= 28.21°,  Std= 20.85°,  95th= 68.00°
2026-01-03 13:54:08 - Trainer - INFO -   Learning Rate: 9.99e-04
2026-01-03 13:54:08 - Trainer - INFO -   Patience: 9/100
2026-01-03 13:54:08 - Trainer - INFO - ================================================================================
2026-01-03 13:54:49 - Trainer - INFO - Epoch 19/1000 - Train Loss: 1.583402, Pos: 0.444618, Yaw: 0.569392
2026-01-03 13:54:55 - Trainer - INFO - ================================================================================
2026-01-03 13:54:55 - Trainer - INFO - Epoch 19/1000 - Validation Results
2026-01-03 13:54:55 - Trainer - INFO - --------------------------------------------------------------------------------
2026-01-03 13:54:55 - Trainer - INFO -   Loss:       Total=1.277884, Position=0.412823, Yaw=0.432530
2026-01-03 13:54:55 - Trainer - INFO -   Position:   Mean= 79.32 cm, Median= 78.52 cm, Std= 40.27 cm, 95th=136.72 cm
2026-01-03 13:54:55 - Trainer - INFO -   Yaw Angle:  Mean= 31.27°,  Median= 28.22°,  Std= 21.05°,  95th= 67.97°
2026-01-03 13:54:55 - Trainer - INFO -   Learning Rate: 9.99e-04
2026-01-03 13:54:55 - Trainer - INFO -   Patience: 10/100
2026-01-03 13:54:55 - Trainer - INFO - ================================================================================
2026-01-03 13:55:35 - Trainer - INFO - Epoch 20/1000 - Train Loss: 1.706760, Pos: 0.448982, Yaw: 0.628889
2026-01-03 13:55:41 - Trainer - INFO - ================================================================================
2026-01-03 13:55:41 - Trainer - INFO - Epoch 20/1000 - Validation Results
2026-01-03 13:55:41 - Trainer - INFO - --------------------------------------------------------------------------------
2026-01-03 13:55:41 - Trainer - INFO -   Loss:       Total=1.324878, Position=0.413625, Yaw=0.455627
2026-01-03 13:55:41 - Trainer - INFO -   Position:   Mean= 79.21 cm, Median= 79.43 cm, Std= 39.71 cm, 95th=133.08 cm
2026-01-03 13:55:41 - Trainer - INFO -   Yaw Angle:  Mean= 31.80°,  Median= 28.91°,  Std= 22.01°,  95th= 70.89°
2026-01-03 13:55:41 - Trainer - INFO -   Learning Rate: 9.99e-04
2026-01-03 13:55:41 - Trainer - INFO -   Patience: 11/100
2026-01-03 13:55:41 - Trainer - INFO - ================================================================================
2026-01-03 13:56:21 - Trainer - INFO - Epoch 21/1000 - Train Loss: 1.628280, Pos: 0.450449, Yaw: 0.588916
2026-01-03 13:56:28 - Trainer - INFO - ================================================================================
2026-01-03 13:56:28 - Trainer - INFO - Epoch 21/1000 - Validation Results
2026-01-03 13:56:28 - Trainer - INFO - --------------------------------------------------------------------------------
2026-01-03 13:56:28 - Trainer - INFO -   Loss:       Total=1.572547, Position=0.631348, Yaw=0.470599
2026-01-03 13:56:28 - Trainer - INFO -   Position:   Mean= 84.92 cm, Median= 79.72 cm, Std= 68.35 cm, 95th=135.67 cm
2026-01-03 13:56:28 - Trainer - INFO -   Yaw Angle:  Mean= 31.93°,  Median= 29.29°,  Std= 22.90°,  95th= 68.65°
2026-01-03 13:56:28 - Trainer - INFO -   Learning Rate: 9.99e-04
2026-01-03 13:56:28 - Trainer - INFO -   Patience: 12/100
2026-01-03 13:56:28 - Trainer - INFO - ================================================================================
2026-01-03 13:57:09 - Trainer - INFO - Epoch 22/1000 - Train Loss: 1.570800, Pos: 0.448389, Yaw: 0.561206
2026-01-03 13:57:16 - Trainer - INFO - ================================================================================
2026-01-03 13:57:16 - Trainer - INFO - Epoch 22/1000 - Validation Results
2026-01-03 13:57:16 - Trainer - INFO - --------------------------------------------------------------------------------
2026-01-03 13:57:16 - Trainer - INFO -   Loss:       Total=1.259220, Position=0.413449, Yaw=0.422886
2026-01-03 13:57:16 - Trainer - INFO -   Position:   Mean= 79.48 cm, Median= 78.79 cm, Std= 40.12 cm, 95th=136.13 cm
2026-01-03 13:57:16 - Trainer - INFO -   Yaw Angle:  Mean= 31.02°,  Median= 28.50°,  Std= 20.68°,  95th= 66.96°
2026-01-03 13:57:16 - Trainer - INFO -   Learning Rate: 9.99e-04
2026-01-03 13:57:16 - Trainer - INFO -   Patience: 13/100
2026-01-03 13:57:16 - Trainer - INFO - ================================================================================
2026-01-03 13:57:56 - Trainer - INFO - Epoch 23/1000 - Train Loss: 1.587879, Pos: 0.438065, Yaw: 0.574907
2026-01-03 13:58:03 - Trainer - INFO - ================================================================================
2026-01-03 13:58:03 - Trainer - INFO - Epoch 23/1000 - Validation Results
2026-01-03 13:58:03 - Trainer - INFO - --------------------------------------------------------------------------------
2026-01-03 13:58:03 - Trainer - INFO -   Loss:       Total=1.295333, Position=0.410960, Yaw=0.442186
2026-01-03 13:58:03 - Trainer - INFO -   Position:   Mean= 79.42 cm, Median= 79.35 cm, Std= 39.53 cm, 95th=133.13 cm
2026-01-03 13:58:03 - Trainer - INFO -   Yaw Angle:  Mean= 31.48°,  Median= 29.60°,  Std= 21.53°,  95th= 70.68°
2026-01-03 13:58:03 - Trainer - INFO -   Learning Rate: 9.99e-04
2026-01-03 13:58:03 - Trainer - INFO -   Patience: 14/100
2026-01-03 13:58:03 - Trainer - INFO - ================================================================================
2026-01-03 13:58:43 - Trainer - INFO - Epoch 24/1000 - Train Loss: 1.585328, Pos: 0.437783, Yaw: 0.573772
2026-01-03 13:58:49 - Trainer - INFO - ================================================================================
2026-01-03 13:58:49 - Trainer - INFO - Epoch 24/1000 - Validation Results
2026-01-03 13:58:49 - Trainer - INFO - --------------------------------------------------------------------------------
2026-01-03 13:58:49 - Trainer - INFO -   Loss:       Total=2.387046, Position=0.845516, Yaw=0.770765
2026-01-03 13:58:49 - Trainer - INFO -   Position:   Mean= 89.36 cm, Median= 80.45 cm, Std= 91.63 cm, 95th=143.34 cm
2026-01-03 13:58:49 - Trainer - INFO -   Yaw Angle:  Mean= 39.78°,  Median= 33.79°,  Std= 30.80°,  95th=104.97°
2026-01-03 13:58:49 - Trainer - INFO -   Learning Rate: 9.99e-04
2026-01-03 13:58:49 - Trainer - INFO -   Patience: 15/100
2026-01-03 13:58:49 - Trainer - INFO - ================================================================================
2026-01-03 13:59:30 - Trainer - INFO - Epoch 25/1000 - Train Loss: 1.593459, Pos: 0.441663, Yaw: 0.575898
2026-01-03 13:59:37 - Trainer - INFO - ================================================================================
2026-01-03 13:59:37 - Trainer - INFO - Epoch 25/1000 - Validation Results
2026-01-03 13:59:37 - Trainer - INFO - --------------------------------------------------------------------------------
2026-01-03 13:59:37 - Trainer - INFO -   Loss:       Total=1.246673, Position=0.414266, Yaw=0.416203
2026-01-03 13:59:37 - Trainer - INFO -   Position:   Mean= 79.51 cm, Median= 78.16 cm, Std= 40.24 cm, 95th=135.70 cm
2026-01-03 13:59:37 - Trainer - INFO -   Yaw Angle:  Mean= 30.82°,  Median= 28.33°,  Std= 20.46°,  95th= 66.25°
2026-01-03 13:59:37 - Trainer - INFO -   Learning Rate: 9.99e-04
2026-01-03 13:59:37 - Trainer - INFO -   Patience: 16/100
2026-01-03 13:59:37 - Trainer - INFO - ================================================================================
2026-01-03 14:00:18 - Trainer - INFO - Epoch 26/1000 - Train Loss: 1.631394, Pos: 0.437165, Yaw: 0.597114
2026-01-03 14:00:24 - Trainer - INFO - ================================================================================
2026-01-03 14:00:24 - Trainer - INFO - Epoch 26/1000 - Validation Results
2026-01-03 14:00:24 - Trainer - INFO - --------------------------------------------------------------------------------
2026-01-03 14:00:24 - Trainer - INFO -   Loss:       Total=1.254236, Position=0.417820, Yaw=0.418208
2026-01-03 14:00:24 - Trainer - INFO -   Position:   Mean= 80.41 cm, Median= 81.38 cm, Std= 39.26 cm, 95th=127.61 cm
2026-01-03 14:00:24 - Trainer - INFO -   Yaw Angle:  Mean= 30.89°,  Median= 28.28°,  Std= 20.51°,  95th= 66.70°
2026-01-03 14:00:24 - Trainer - INFO -   Learning Rate: 9.98e-04
2026-01-03 14:00:24 - Trainer - INFO -   Patience: 17/100
2026-01-03 14:00:24 - Trainer - INFO - ================================================================================
2026-01-03 14:01:05 - Trainer - INFO - Epoch 27/1000 - Train Loss: 1.712077, Pos: 0.445174, Yaw: 0.633451
2026-01-03 14:01:11 - Trainer - INFO - ================================================================================
2026-01-03 14:01:11 - Trainer - INFO - Epoch 27/1000 - Validation Results
2026-01-03 14:01:11 - Trainer - INFO - --------------------------------------------------------------------------------
2026-01-03 14:01:11 - Trainer - INFO -   Loss:       Total=5.880926, Position=4.379906, Yaw=0.750510
2026-01-03 14:01:11 - Trainer - INFO -   Position:   Mean=128.64 cm, Median= 82.04 cm, Std=264.81 cm, 95th=217.36 cm
2026-01-03 14:01:11 - Trainer - INFO -   Yaw Angle:  Mean= 38.65°,  Median= 32.42°,  Std= 31.21°,  95th= 96.93°
2026-01-03 14:01:11 - Trainer - INFO -   Learning Rate: 9.98e-04
2026-01-03 14:01:11 - Trainer - INFO -   Patience: 18/100
2026-01-03 14:01:11 - Trainer - INFO - ================================================================================
2026-01-03 14:01:50 - Trainer - INFO - Epoch 28/1000 - Train Loss: 1.767745, Pos: 0.448559, Yaw: 0.659593
2026-01-03 14:01:56 - Trainer - INFO - ================================================================================
2026-01-03 14:01:56 - Trainer - INFO - Epoch 28/1000 - Validation Results
2026-01-03 14:01:56 - Trainer - INFO - --------------------------------------------------------------------------------
2026-01-03 14:01:56 - Trainer - INFO -   Loss:       Total=1.248054, Position=0.410206, Yaw=0.418924
2026-01-03 14:01:56 - Trainer - INFO -   Position:   Mean= 79.31 cm, Median= 79.56 cm, Std= 39.65 cm, 95th=133.08 cm
2026-01-03 14:01:56 - Trainer - INFO -   Yaw Angle:  Mean= 30.90°,  Median= 28.32°,  Std= 20.55°,  95th= 66.28°
2026-01-03 14:01:56 - Trainer - INFO -   Learning Rate: 9.98e-04
2026-01-03 14:01:56 - Trainer - INFO -   Patience: 19/100
2026-01-03 14:01:56 - Trainer - INFO - ================================================================================
2026-01-03 14:02:36 - Trainer - INFO - Epoch 29/1000 - Train Loss: 1.668372, Pos: 0.441604, Yaw: 0.613384
2026-01-03 14:02:42 - Trainer - INFO - ================================================================================
2026-01-03 14:02:42 - Trainer - INFO - Epoch 29/1000 - Validation Results
2026-01-03 14:02:42 - Trainer - INFO - --------------------------------------------------------------------------------
2026-01-03 14:02:42 - Trainer - INFO -   Loss:       Total=1.289903, Position=0.412698, Yaw=0.438602
2026-01-03 14:02:42 - Trainer - INFO -   Position:   Mean= 79.49 cm, Median= 79.48 cm, Std= 39.59 cm, 95th=130.22 cm
2026-01-03 14:02:42 - Trainer - INFO -   Yaw Angle:  Mean= 31.45°,  Median= 29.17°,  Std= 21.27°,  95th= 67.24°
2026-01-03 14:02:42 - Trainer - INFO -   Learning Rate: 9.98e-04
2026-01-03 14:02:42 - Trainer - INFO -   Patience: 20/100
2026-01-03 14:02:42 - Trainer - INFO - ================================================================================
2026-01-03 14:03:23 - Trainer - INFO - Epoch 30/1000 - Train Loss: 1.870138, Pos: 0.453133, Yaw: 0.708502
2026-01-03 14:03:30 - Trainer - INFO - ================================================================================
2026-01-03 14:03:30 - Trainer - INFO - Epoch 30/1000 - Validation Results
2026-01-03 14:03:30 - Trainer - INFO - --------------------------------------------------------------------------------
2026-01-03 14:03:30 - Trainer - INFO -   Loss:       Total=1.282691, Position=0.413561, Yaw=0.434565
2026-01-03 14:03:30 - Trainer - INFO -   Position:   Mean= 79.87 cm, Median= 80.39 cm, Std= 39.25 cm, 95th=128.64 cm
2026-01-03 14:03:30 - Trainer - INFO -   Yaw Angle:  Mean= 31.38°,  Median= 28.22°,  Std= 21.07°,  95th= 68.45°
2026-01-03 14:03:30 - Trainer - INFO -   Learning Rate: 9.98e-04
2026-01-03 14:03:30 - Trainer - INFO -   Patience: 21/100
2026-01-03 14:03:30 - Trainer - INFO - ================================================================================
2026-01-03 14:04:11 - Trainer - INFO - Epoch 31/1000 - Train Loss: 1.611990, Pos: 0.442143, Yaw: 0.584923
2026-01-03 14:04:17 - Trainer - INFO - ================================================================================
2026-01-03 14:04:17 - Trainer - INFO - Epoch 31/1000 - Validation Results
2026-01-03 14:04:17 - Trainer - INFO - --------------------------------------------------------------------------------
2026-01-03 14:04:17 - Trainer - INFO -   Loss:       Total=1.283147, Position=0.415266, Yaw=0.433941
2026-01-03 14:04:17 - Trainer - INFO -   Position:   Mean= 79.65 cm, Median= 80.17 cm, Std= 39.13 cm, 95th=130.37 cm
2026-01-03 14:04:17 - Trainer - INFO -   Yaw Angle:  Mean= 31.33°,  Median= 28.61°,  Std= 21.10°,  95th= 69.09°
2026-01-03 14:04:17 - Trainer - INFO -   Learning Rate: 9.98e-04
2026-01-03 14:04:17 - Trainer - INFO -   Patience: 22/100
2026-01-03 14:04:17 - Trainer - INFO - ================================================================================
2026-01-03 14:04:56 - Trainer - INFO - Epoch 32/1000 - Train Loss: 1.565073, Pos: 0.437527, Yaw: 0.563773
2026-01-03 14:05:02 - Trainer - INFO - ================================================================================
2026-01-03 14:05:02 - Trainer - INFO - Epoch 32/1000 - Validation Results
2026-01-03 14:05:02 - Trainer - INFO - --------------------------------------------------------------------------------
2026-01-03 14:05:02 - Trainer - INFO -   Loss:       Total=1.295444, Position=0.414318, Yaw=0.440563
2026-01-03 14:05:02 - Trainer - INFO -   Position:   Mean= 79.89 cm, Median= 81.04 cm, Std= 39.29 cm, 95th=129.27 cm
2026-01-03 14:05:02 - Trainer - INFO -   Yaw Angle:  Mean= 31.44°,  Median= 28.36°,  Std= 21.44°,  95th= 68.22°
2026-01-03 14:05:02 - Trainer - INFO -   Learning Rate: 9.98e-04
2026-01-03 14:05:02 - Trainer - INFO -   Patience: 23/100
2026-01-03 14:05:02 - Trainer - INFO - ================================================================================
