2026-01-02 20:03:39 - Trainer - INFO - Model parameters: 12,536,876
2026-01-02 20:03:39 - Trainer - INFO - Training samples: 9460
2026-01-02 20:03:39 - Trainer - INFO - Validation samples: 1183
2026-01-02 20:03:39 - Trainer - INFO - Starting training...
2026-01-02 20:03:39 - Trainer - INFO - ============================================================
2026-01-02 20:04:04 - Trainer - INFO - Epoch 1/100 - Train Loss: 1.458498, Pos: 0.413477, Yaw: 1.045021
2026-01-02 20:04:07 - Trainer - INFO - Epoch 1/100 - Val Loss: 0.975326, Pos: 0.332354, Yaw: 0.642971
2026-01-02 20:04:07 - Trainer - INFO -   Position Error (cm) - Mean: 86.90, Median: 78.30, Std: 49.05, 95th: 169.57
2026-01-02 20:04:07 - Trainer - INFO -   Yaw Error (deg)     - Mean: 35.00, Median: 28.02, Std: 30.14, 95th: 87.62
2026-01-02 20:04:07 - Trainer - INFO -   ✓ New best model saved! Val Loss: 0.975326, Pos Error: 86.90 cm, Yaw Error: 35.00°
2026-01-02 20:04:31 - Trainer - INFO - Epoch 2/100 - Train Loss: 0.988229, Pos: 0.266364, Yaw: 0.721865
2026-01-02 20:04:34 - Trainer - INFO - Epoch 2/100 - Val Loss: 0.783303, Pos: 0.237008, Yaw: 0.546295
2026-01-02 20:04:34 - Trainer - INFO -   Position Error (cm) - Mean: 73.22, Median: 66.48, Std: 42.13, 95th: 140.74
2026-01-02 20:04:34 - Trainer - INFO -   Yaw Error (deg)     - Mean: 32.10, Median: 25.24, Std: 28.00, 95th: 87.92
2026-01-02 20:04:34 - Trainer - INFO -   ✓ New best model saved! Val Loss: 0.783303, Pos Error: 73.22 cm, Yaw Error: 32.10°
2026-01-02 20:05:08 - Trainer - INFO - Epoch 3/100 - Train Loss: 0.895764, Pos: 0.243103, Yaw: 0.652662
2026-01-02 20:05:12 - Trainer - INFO - Epoch 3/100 - Val Loss: 0.861508, Pos: 0.153211, Yaw: 0.708297
2026-01-02 20:05:12 - Trainer - INFO -   Position Error (cm) - Mean: 55.13, Median: 46.90, Std: 39.73, 95th: 114.07
2026-01-02 20:05:12 - Trainer - INFO -   Yaw Error (deg)     - Mean: 32.94, Median: 21.94, Std: 35.14, 95th: 112.81
2026-01-02 20:05:12 - Trainer - INFO -   Patience: 1/20
2026-01-02 20:05:53 - Trainer - INFO - Epoch 4/100 - Train Loss: 0.674527, Pos: 0.170953, Yaw: 0.503574
2026-01-02 20:05:58 - Trainer - INFO - Epoch 4/100 - Val Loss: 0.270067, Pos: 0.083546, Yaw: 0.186521
2026-01-02 20:05:58 - Trainer - INFO -   Position Error (cm) - Mean: 37.82, Median: 31.16, Std: 33.11, 95th: 77.78
2026-01-02 20:05:58 - Trainer - INFO -   Yaw Error (deg)     - Mean: 16.96, Median: 13.50, Std: 18.09, 95th: 42.68
2026-01-02 20:05:58 - Trainer - INFO -   ✓ New best model saved! Val Loss: 0.270067, Pos Error: 37.82 cm, Yaw Error: 16.96°
2026-01-02 20:06:39 - Trainer - INFO - Epoch 5/100 - Train Loss: 0.524463, Pos: 0.124538, Yaw: 0.399925
2026-01-02 20:06:44 - Trainer - INFO - Epoch 5/100 - Val Loss: 0.434822, Pos: 0.106772, Yaw: 0.328050
2026-01-02 20:06:44 - Trainer - INFO -   Position Error (cm) - Mean: 43.40, Median: 35.06, Std: 35.70, 95th: 98.16
2026-01-02 20:06:44 - Trainer - INFO -   Yaw Error (deg)     - Mean: 22.48, Median: 17.39, Std: 23.78, 95th: 68.56
2026-01-02 20:06:44 - Trainer - INFO -   Patience: 1/20
2026-01-02 20:07:27 - Trainer - INFO - Epoch 6/100 - Train Loss: 0.719454, Pos: 0.175888, Yaw: 0.543566
2026-01-02 20:07:32 - Trainer - INFO - Epoch 6/100 - Val Loss: 0.373481, Pos: 0.126944, Yaw: 0.246537
2026-01-02 20:07:32 - Trainer - INFO -   Position Error (cm) - Mean: 49.66, Median: 42.64, Std: 36.89, 95th: 106.03
2026-01-02 20:07:32 - Trainer - INFO -   Yaw Error (deg)     - Mean: 18.95, Median: 12.58, Std: 21.50, 95th: 59.13
2026-01-02 20:07:32 - Trainer - INFO -   Patience: 2/20
2026-01-02 20:08:14 - Trainer - INFO - Epoch 7/100 - Train Loss: 0.545276, Pos: 0.136205, Yaw: 0.409070
2026-01-02 20:08:19 - Trainer - INFO - Epoch 7/100 - Val Loss: 0.160415, Pos: 0.054574, Yaw: 0.105841
2026-01-02 20:08:19 - Trainer - INFO -   Position Error (cm) - Mean: 28.09, Median: 20.27, Std: 29.27, 95th: 68.80
2026-01-02 20:08:19 - Trainer - INFO -   Yaw Error (deg)     - Mean: 14.16, Median: 12.78, Std: 12.20, 95th: 27.65
2026-01-02 20:08:19 - Trainer - INFO -   ✓ New best model saved! Val Loss: 0.160415, Pos Error: 28.09 cm, Yaw Error: 14.16°
2026-01-02 20:09:01 - Trainer - INFO - Epoch 8/100 - Train Loss: 0.399310, Pos: 0.102946, Yaw: 0.296365
2026-01-02 20:09:06 - Trainer - INFO - Epoch 8/100 - Val Loss: 0.443305, Pos: 0.087379, Yaw: 0.355926
2026-01-02 20:09:06 - Trainer - INFO -   Position Error (cm) - Mean: 34.05, Median: 21.47, Std: 37.97, 95th: 115.28
2026-01-02 20:09:06 - Trainer - INFO -   Yaw Error (deg)     - Mean: 21.87, Median: 11.05, Std: 26.46, 95th: 80.10
2026-01-02 20:09:06 - Trainer - INFO -   Patience: 1/20
2026-01-02 20:09:48 - Trainer - INFO - Epoch 9/100 - Train Loss: 0.375370, Pos: 0.097513, Yaw: 0.277857
2026-01-02 20:09:53 - Trainer - INFO - Epoch 9/100 - Val Loss: 0.178171, Pos: 0.060477, Yaw: 0.117694
2026-01-02 20:09:53 - Trainer - INFO -   Position Error (cm) - Mean: 33.11, Median: 28.16, Std: 27.16, 95th: 70.77
2026-01-02 20:09:53 - Trainer - INFO -   Yaw Error (deg)     - Mean: 13.51, Median: 10.99, Std: 14.49, 95th: 32.27
2026-01-02 20:09:53 - Trainer - INFO -   Patience: 2/20
2026-01-02 20:10:35 - Trainer - INFO - Epoch 10/100 - Train Loss: 0.391098, Pos: 0.091181, Yaw: 0.299917
2026-01-02 20:10:40 - Trainer - INFO - Epoch 10/100 - Val Loss: 0.112398, Pos: 0.035385, Yaw: 0.077014
2026-01-02 20:10:40 - Trainer - INFO -   Position Error (cm) - Mean: 22.76, Median: 18.10, Std: 23.40, 95th: 48.01
2026-01-02 20:10:40 - Trainer - INFO -   Yaw Error (deg)     - Mean: 10.01, Median: 7.98, Std: 12.41, 95th: 21.38
2026-01-02 20:10:41 - Trainer - INFO - Saved checkpoint: /home/usr2/data_trainer_ws/efficientnet/training/checkpoints/checkpoint_epoch_10.pth
2026-01-02 20:10:41 - Trainer - INFO -   ✓ New best model saved! Val Loss: 0.112398, Pos Error: 22.76 cm, Yaw Error: 10.01°
2026-01-02 20:11:23 - Trainer - INFO - Epoch 11/100 - Train Loss: 0.315978, Pos: 0.080158, Yaw: 0.235820
2026-01-02 20:11:28 - Trainer - INFO - Epoch 11/100 - Val Loss: 0.370577, Pos: 0.177055, Yaw: 0.193522
2026-01-02 20:11:28 - Trainer - INFO -   Position Error (cm) - Mean: 33.45, Median: 19.99, Std: 65.70, 95th: 61.25
2026-01-02 20:11:28 - Trainer - INFO -   Yaw Error (deg)     - Mean: 13.68, Median: 7.93, Std: 21.35, 95th: 41.38
2026-01-02 20:11:28 - Trainer - INFO -   Patience: 1/20
2026-01-02 20:12:11 - Trainer - INFO - Epoch 12/100 - Train Loss: 0.361961, Pos: 0.083918, Yaw: 0.278043
2026-01-02 20:12:16 - Trainer - INFO - Epoch 12/100 - Val Loss: 0.368708, Pos: 0.110272, Yaw: 0.258436
2026-01-02 20:12:16 - Trainer - INFO -   Position Error (cm) - Mean: 43.98, Median: 33.50, Std: 37.33, 95th: 115.13
2026-01-02 20:12:16 - Trainer - INFO -   Yaw Error (deg)     - Mean: 21.17, Median: 17.26, Std: 20.37, 95th: 47.77
2026-01-02 20:12:16 - Trainer - INFO -   Patience: 2/20
2026-01-02 20:12:58 - Trainer - INFO - Epoch 13/100 - Train Loss: 0.325272, Pos: 0.081584, Yaw: 0.243687
2026-01-02 20:13:03 - Trainer - INFO - Epoch 13/100 - Val Loss: 0.184774, Pos: 0.038102, Yaw: 0.146672
2026-01-02 20:13:03 - Trainer - INFO -   Position Error (cm) - Mean: 25.15, Median: 22.21, Std: 22.83, 95th: 45.63
2026-01-02 20:13:03 - Trainer - INFO -   Yaw Error (deg)     - Mean: 12.70, Median: 7.38, Std: 18.12, 95th: 48.96
2026-01-02 20:13:03 - Trainer - INFO -   Patience: 3/20
2026-01-02 20:13:46 - Trainer - INFO - Epoch 14/100 - Train Loss: 0.384925, Pos: 0.084381, Yaw: 0.300544
2026-01-02 20:13:51 - Trainer - INFO - Epoch 14/100 - Val Loss: 0.155520, Pos: 0.035337, Yaw: 0.120184
2026-01-02 20:13:51 - Trainer - INFO -   Position Error (cm) - Mean: 21.58, Median: 17.24, Std: 24.62, 95th: 43.69
2026-01-02 20:13:51 - Trainer - INFO -   Yaw Error (deg)     - Mean: 10.95, Median: 5.35, Std: 16.80, 95th: 43.38
2026-01-02 20:13:51 - Trainer - INFO -   Patience: 4/20
2026-01-02 20:14:33 - Trainer - INFO - Epoch 15/100 - Train Loss: 0.404663, Pos: 0.089313, Yaw: 0.315350
2026-01-02 20:14:38 - Trainer - INFO - Epoch 15/100 - Val Loss: 0.249452, Pos: 0.096455, Yaw: 0.152997
2026-01-02 20:14:38 - Trainer - INFO -   Position Error (cm) - Mean: 40.72, Median: 33.23, Std: 35.57, 95th: 111.18
2026-01-02 20:14:38 - Trainer - INFO -   Yaw Error (deg)     - Mean: 13.78, Median: 9.69, Std: 17.76, 95th: 40.92
2026-01-02 20:14:38 - Trainer - INFO -   Patience: 5/20
2026-01-02 20:15:19 - Trainer - INFO - Epoch 16/100 - Train Loss: 0.510391, Pos: 0.091982, Yaw: 0.418409
2026-01-02 20:15:24 - Trainer - INFO - Epoch 16/100 - Val Loss: 0.147742, Pos: 0.054912, Yaw: 0.092830
2026-01-02 20:15:24 - Trainer - INFO -   Position Error (cm) - Mean: 31.46, Median: 26.79, Std: 25.80, 95th: 65.08
2026-01-02 20:15:24 - Trainer - INFO -   Yaw Error (deg)     - Mean: 11.31, Median: 7.85, Std: 13.42, 95th: 28.75
2026-01-02 20:15:24 - Trainer - INFO -   Learning rate reduced: 1.00e-03 -> 5.00e-04
2026-01-02 20:15:24 - Trainer - INFO -   Patience: 6/20
2026-01-02 20:16:06 - Trainer - INFO - Epoch 17/100 - Train Loss: 0.255154, Pos: 0.075836, Yaw: 0.179319
2026-01-02 20:16:11 - Trainer - INFO - Epoch 17/100 - Val Loss: 0.074716, Pos: 0.029094, Yaw: 0.045622
2026-01-02 20:16:11 - Trainer - INFO -   Position Error (cm) - Mean: 20.18, Median: 17.33, Std: 21.78, 95th: 34.55
2026-01-02 20:16:11 - Trainer - INFO -   Yaw Error (deg)     - Mean: 5.50, Median: 3.55, Std: 11.08, 95th: 12.27
2026-01-02 20:16:11 - Trainer - INFO -   ✓ New best model saved! Val Loss: 0.074716, Pos Error: 20.18 cm, Yaw Error: 5.50°
2026-01-02 20:16:53 - Trainer - INFO - Epoch 18/100 - Train Loss: 0.205643, Pos: 0.065755, Yaw: 0.139888
2026-01-02 20:16:58 - Trainer - INFO - Epoch 18/100 - Val Loss: 0.069893, Pos: 0.022335, Yaw: 0.047557
2026-01-02 20:16:58 - Trainer - INFO -   Position Error (cm) - Mean: 15.25, Median: 11.29, Std: 21.15, 95th: 31.18
2026-01-02 20:16:58 - Trainer - INFO -   Yaw Error (deg)     - Mean: 7.10, Median: 5.70, Std: 10.42, 95th: 13.88
2026-01-02 20:16:59 - Trainer - INFO -   ✓ New best model saved! Val Loss: 0.069893, Pos Error: 15.25 cm, Yaw Error: 7.10°
2026-01-02 20:17:42 - Trainer - INFO - Epoch 19/100 - Train Loss: 0.179302, Pos: 0.062082, Yaw: 0.117221
2026-01-02 20:17:47 - Trainer - INFO - Epoch 19/100 - Val Loss: 0.060667, Pos: 0.024975, Yaw: 0.035692
2026-01-02 20:17:47 - Trainer - INFO -   Position Error (cm) - Mean: 15.78, Median: 11.78, Std: 22.62, 95th: 32.40
2026-01-02 20:17:47 - Trainer - INFO -   Yaw Error (deg)     - Mean: 5.80, Median: 4.64, Std: 9.25, 95th: 11.47
2026-01-02 20:17:48 - Trainer - INFO -   ✓ New best model saved! Val Loss: 0.060667, Pos Error: 15.78 cm, Yaw Error: 5.80°
2026-01-02 20:18:30 - Trainer - INFO - Epoch 20/100 - Train Loss: 0.169943, Pos: 0.058805, Yaw: 0.111138
2026-01-02 20:18:35 - Trainer - INFO - Epoch 20/100 - Val Loss: 0.081994, Pos: 0.027887, Yaw: 0.054107
2026-01-02 20:18:35 - Trainer - INFO -   Position Error (cm) - Mean: 19.02, Median: 16.13, Std: 22.06, 95th: 33.84
2026-01-02 20:18:35 - Trainer - INFO -   Yaw Error (deg)     - Mean: 6.37, Median: 4.45, Std: 11.86, 95th: 13.15
2026-01-02 20:18:35 - Trainer - INFO -   Patience: 1/20
2026-01-02 20:19:16 - Trainer - INFO - Epoch 21/100 - Train Loss: 0.159027, Pos: 0.055546, Yaw: 0.103482
2026-01-02 20:19:21 - Trainer - INFO - Epoch 21/100 - Val Loss: 0.062788, Pos: 0.024907, Yaw: 0.037880
2026-01-02 20:19:21 - Trainer - INFO -   Position Error (cm) - Mean: 17.18, Median: 11.99, Std: 21.52, 95th: 38.22
2026-01-02 20:19:21 - Trainer - INFO -   Yaw Error (deg)     - Mean: 5.89, Median: 4.89, Std: 9.60, 95th: 11.02
2026-01-02 20:19:21 - Trainer - INFO -   Patience: 2/20
2026-01-02 20:20:04 - Trainer - INFO - Epoch 22/100 - Train Loss: 0.161178, Pos: 0.057117, Yaw: 0.104061
2026-01-02 20:20:08 - Trainer - INFO - Epoch 22/100 - Val Loss: 0.081208, Pos: 0.052126, Yaw: 0.029082
2026-01-02 20:20:08 - Trainer - INFO -   Position Error (cm) - Mean: 16.51, Median: 12.60, Std: 36.43, 95th: 27.95
2026-01-02 20:20:08 - Trainer - INFO -   Yaw Error (deg)     - Mean: 4.59, Median: 3.10, Std: 8.74, 95th: 10.28
2026-01-02 20:20:08 - Trainer - INFO -   Patience: 3/20
2026-01-02 20:20:51 - Trainer - INFO - Epoch 23/100 - Train Loss: 0.150157, Pos: 0.051474, Yaw: 0.098683
2026-01-02 20:20:55 - Trainer - INFO - Epoch 23/100 - Val Loss: 0.037469, Pos: 0.016651, Yaw: 0.020818
2026-01-02 20:20:55 - Trainer - INFO -   Position Error (cm) - Mean: 14.50, Median: 12.36, Std: 17.21, 95th: 25.15
2026-01-02 20:20:55 - Trainer - INFO -   Yaw Error (deg)     - Mean: 3.84, Median: 2.62, Std: 7.42, 95th: 9.37
2026-01-02 20:20:56 - Trainer - INFO -   ✓ New best model saved! Val Loss: 0.037469, Pos Error: 14.50 cm, Yaw Error: 3.84°
2026-01-02 20:21:38 - Trainer - INFO - Epoch 24/100 - Train Loss: 0.142893, Pos: 0.049367, Yaw: 0.093526
2026-01-02 20:21:43 - Trainer - INFO - Epoch 24/100 - Val Loss: 0.040208, Pos: 0.016549, Yaw: 0.023659
2026-01-02 20:21:43 - Trainer - INFO -   Position Error (cm) - Mean: 13.69, Median: 11.89, Std: 17.82, 95th: 21.10
2026-01-02 20:21:43 - Trainer - INFO -   Yaw Error (deg)     - Mean: 5.42, Median: 4.54, Std: 7.03, 95th: 10.72
2026-01-02 20:21:43 - Trainer - INFO -   Patience: 1/20
2026-01-02 20:22:27 - Trainer - INFO - Epoch 25/100 - Train Loss: 0.135616, Pos: 0.047396, Yaw: 0.088221
2026-01-02 20:22:32 - Trainer - INFO - Epoch 25/100 - Val Loss: 0.040625, Pos: 0.015157, Yaw: 0.025468
2026-01-02 20:22:32 - Trainer - INFO -   Position Error (cm) - Mean: 13.45, Median: 10.57, Std: 16.77, 95th: 27.32
2026-01-02 20:22:32 - Trainer - INFO -   Yaw Error (deg)     - Mean: 5.94, Median: 5.18, Std: 7.04, 95th: 11.54
2026-01-02 20:22:32 - Trainer - INFO -   Patience: 2/20
2026-01-02 20:23:14 - Trainer - INFO - Epoch 26/100 - Train Loss: 0.125076, Pos: 0.044102, Yaw: 0.080975
2026-01-02 20:23:19 - Trainer - INFO - Epoch 26/100 - Val Loss: 0.046784, Pos: 0.018696, Yaw: 0.028089
2026-01-02 20:23:19 - Trainer - INFO -   Position Error (cm) - Mean: 15.87, Median: 13.57, Std: 17.82, 95th: 28.25
2026-01-02 20:23:19 - Trainer - INFO -   Yaw Error (deg)     - Mean: 5.87, Median: 4.92, Std: 7.69, 95th: 12.19
2026-01-02 20:23:19 - Trainer - INFO -   Patience: 3/20
2026-01-02 20:24:01 - Trainer - INFO - Epoch 27/100 - Train Loss: 0.126615, Pos: 0.045475, Yaw: 0.081140
2026-01-02 20:24:06 - Trainer - INFO - Epoch 27/100 - Val Loss: 0.045502, Pos: 0.016844, Yaw: 0.028658
2026-01-02 20:24:06 - Trainer - INFO -   Position Error (cm) - Mean: 15.97, Median: 13.61, Std: 16.03, 95th: 29.17
2026-01-02 20:24:06 - Trainer - INFO -   Yaw Error (deg)     - Mean: 6.29, Median: 5.47, Std: 7.48, 95th: 12.46
2026-01-02 20:24:06 - Trainer - INFO -   Patience: 4/20
2026-01-02 20:24:47 - Trainer - INFO - Epoch 28/100 - Train Loss: 0.133387, Pos: 0.044432, Yaw: 0.088956
2026-01-02 20:24:52 - Trainer - INFO - Epoch 28/100 - Val Loss: 0.071392, Pos: 0.017301, Yaw: 0.054091
2026-01-02 20:24:52 - Trainer - INFO -   Position Error (cm) - Mean: 15.02, Median: 11.49, Std: 17.24, 95th: 32.53
2026-01-02 20:24:52 - Trainer - INFO -   Yaw Error (deg)     - Mean: 5.42, Median: 3.72, Std: 11.85, 95th: 10.08
2026-01-02 20:24:52 - Trainer - INFO -   Patience: 5/20
2026-01-02 20:25:34 - Trainer - INFO - Epoch 29/100 - Train Loss: 0.136430, Pos: 0.044136, Yaw: 0.092295
2026-01-02 20:25:38 - Trainer - INFO - Epoch 29/100 - Val Loss: 0.030826, Pos: 0.013625, Yaw: 0.017201
2026-01-02 20:25:38 - Trainer - INFO -   Position Error (cm) - Mean: 12.31, Median: 10.23, Std: 16.17, 95th: 21.69
2026-01-02 20:25:38 - Trainer - INFO -   Yaw Error (deg)     - Mean: 4.62, Median: 3.38, Std: 5.98, 95th: 11.67
2026-01-02 20:25:39 - Trainer - INFO -   ✓ New best model saved! Val Loss: 0.030826, Pos Error: 12.31 cm, Yaw Error: 4.62°
2026-01-02 20:26:22 - Trainer - INFO - Epoch 30/100 - Train Loss: 0.130240, Pos: 0.044019, Yaw: 0.086221
2026-01-02 20:26:27 - Trainer - INFO - Epoch 30/100 - Val Loss: 0.071384, Pos: 0.026733, Yaw: 0.044651
2026-01-02 20:26:27 - Trainer - INFO -   Position Error (cm) - Mean: 15.70, Median: 11.64, Std: 23.87, 95th: 31.92
2026-01-02 20:26:27 - Trainer - INFO -   Yaw Error (deg)     - Mean: 4.88, Median: 2.88, Std: 11.24, 95th: 9.39
2026-01-02 20:26:27 - Trainer - INFO -   Patience: 1/20
2026-01-02 20:27:09 - Trainer - INFO - Epoch 31/100 - Train Loss: 0.126965, Pos: 0.042824, Yaw: 0.084141
2026-01-02 20:27:13 - Trainer - INFO - Epoch 31/100 - Val Loss: 0.044294, Pos: 0.017481, Yaw: 0.026813
2026-01-02 20:27:13 - Trainer - INFO -   Position Error (cm) - Mean: 14.75, Median: 13.17, Std: 17.75, 95th: 23.94
2026-01-02 20:27:13 - Trainer - INFO -   Yaw Error (deg)     - Mean: 6.25, Median: 5.56, Std: 7.09, 95th: 12.35
2026-01-02 20:27:13 - Trainer - INFO -   Patience: 2/20
2026-01-02 20:27:55 - Trainer - INFO - Epoch 32/100 - Train Loss: 0.133225, Pos: 0.043386, Yaw: 0.089839
2026-01-02 20:28:00 - Trainer - INFO - Epoch 32/100 - Val Loss: 0.044504, Pos: 0.015879, Yaw: 0.028625
2026-01-02 20:28:00 - Trainer - INFO -   Position Error (cm) - Mean: 15.77, Median: 13.17, Std: 15.23, 95th: 30.22
2026-01-02 20:28:00 - Trainer - INFO -   Yaw Error (deg)     - Mean: 7.50, Median: 7.29, Std: 6.19, 95th: 14.39
2026-01-02 20:28:00 - Trainer - INFO -   Patience: 3/20
2026-01-02 20:28:43 - Trainer - INFO - Epoch 33/100 - Train Loss: 0.141563, Pos: 0.045442, Yaw: 0.096121
2026-01-02 20:28:48 - Trainer - INFO - Epoch 33/100 - Val Loss: 0.036518, Pos: 0.014280, Yaw: 0.022237
2026-01-02 20:28:48 - Trainer - INFO -   Position Error (cm) - Mean: 13.77, Median: 11.57, Std: 15.63, 95th: 24.40
2026-01-02 20:28:48 - Trainer - INFO -   Yaw Error (deg)     - Mean: 5.56, Median: 4.69, Std: 6.58, 95th: 11.28
2026-01-02 20:28:48 - Trainer - INFO -   Patience: 4/20
2026-01-02 20:29:30 - Trainer - INFO - Epoch 34/100 - Train Loss: 0.121098, Pos: 0.039629, Yaw: 0.081469
2026-01-02 20:29:35 - Trainer - INFO - Epoch 34/100 - Val Loss: 0.027950, Pos: 0.012543, Yaw: 0.015407
2026-01-02 20:29:35 - Trainer - INFO -   Position Error (cm) - Mean: 11.85, Median: 9.68, Std: 15.55, 95th: 21.51
2026-01-02 20:29:35 - Trainer - INFO -   Yaw Error (deg)     - Mean: 3.47, Median: 2.32, Std: 6.29, 95th: 8.58
2026-01-02 20:29:36 - Trainer - INFO -   ✓ New best model saved! Val Loss: 0.027950, Pos Error: 11.85 cm, Yaw Error: 3.47°
2026-01-02 20:30:18 - Trainer - INFO - Epoch 35/100 - Train Loss: 0.121491, Pos: 0.041395, Yaw: 0.080096
2026-01-02 20:30:23 - Trainer - INFO - Epoch 35/100 - Val Loss: 0.031508, Pos: 0.015918, Yaw: 0.015590
2026-01-02 20:30:23 - Trainer - INFO -   Position Error (cm) - Mean: 12.72, Median: 10.13, Std: 18.01, 95th: 23.36
2026-01-02 20:30:23 - Trainer - INFO -   Yaw Error (deg)     - Mean: 3.69, Median: 2.62, Std: 6.21, 95th: 7.96
2026-01-02 20:30:23 - Trainer - INFO -   Patience: 1/20
2026-01-02 20:31:04 - Trainer - INFO - Epoch 36/100 - Train Loss: 0.112757, Pos: 0.039005, Yaw: 0.073751
2026-01-02 20:31:09 - Trainer - INFO - Epoch 36/100 - Val Loss: 0.068688, Pos: 0.038788, Yaw: 0.029900
2026-01-02 20:31:09 - Trainer - INFO -   Position Error (cm) - Mean: 14.76, Median: 11.47, Std: 31.18, 95th: 23.25
2026-01-02 20:31:09 - Trainer - INFO -   Yaw Error (deg)     - Mean: 4.52, Median: 3.16, Std: 8.94, 95th: 9.51
2026-01-02 20:31:09 - Trainer - INFO -   Patience: 2/20
2026-01-02 20:31:51 - Trainer - INFO - Epoch 37/100 - Train Loss: 0.112226, Pos: 0.039032, Yaw: 0.073194
2026-01-02 20:31:56 - Trainer - INFO - Epoch 37/100 - Val Loss: 0.029840, Pos: 0.012274, Yaw: 0.017566
2026-01-02 20:31:56 - Trainer - INFO -   Position Error (cm) - Mean: 11.03, Median: 8.55, Std: 15.86, 95th: 20.96
2026-01-02 20:31:56 - Trainer - INFO -   Yaw Error (deg)     - Mean: 4.34, Median: 3.46, Std: 6.31, 95th: 8.74
2026-01-02 20:31:56 - Trainer - INFO -   Patience: 3/20
2026-01-02 20:32:38 - Trainer - INFO - Epoch 38/100 - Train Loss: 0.124954, Pos: 0.041276, Yaw: 0.083678
2026-01-02 20:32:43 - Trainer - INFO - Epoch 38/100 - Val Loss: 0.030995, Pos: 0.014771, Yaw: 0.016224
2026-01-02 20:32:43 - Trainer - INFO -   Position Error (cm) - Mean: 14.19, Median: 12.03, Std: 15.73, 95th: 25.89
2026-01-02 20:32:43 - Trainer - INFO -   Yaw Error (deg)     - Mean: 4.05, Median: 3.20, Std: 6.15, 95th: 8.68
2026-01-02 20:32:43 - Trainer - INFO -   Patience: 4/20
2026-01-02 20:33:25 - Trainer - INFO - Epoch 39/100 - Train Loss: 0.134127, Pos: 0.045409, Yaw: 0.088718
2026-01-02 20:33:30 - Trainer - INFO - Epoch 39/100 - Val Loss: 0.036109, Pos: 0.011645, Yaw: 0.024464
2026-01-02 20:33:30 - Trainer - INFO -   Position Error (cm) - Mean: 12.71, Median: 11.29, Std: 13.88, 95th: 19.93
2026-01-02 20:33:30 - Trainer - INFO -   Yaw Error (deg)     - Mean: 5.98, Median: 5.28, Std: 6.74, 95th: 11.68
2026-01-02 20:33:30 - Trainer - INFO -   Patience: 5/20
2026-01-02 20:34:12 - Trainer - INFO - Epoch 40/100 - Train Loss: 0.125435, Pos: 0.038233, Yaw: 0.087202
2026-01-02 20:34:16 - Trainer - INFO - Epoch 40/100 - Val Loss: 0.052587, Pos: 0.014131, Yaw: 0.038456
2026-01-02 20:34:16 - Trainer - INFO -   Position Error (cm) - Mean: 12.99, Median: 10.43, Std: 16.03, 95th: 24.74
2026-01-02 20:34:16 - Trainer - INFO -   Yaw Error (deg)     - Mean: 7.14, Median: 5.93, Std: 8.76, 95th: 15.15
2026-01-02 20:34:16 - Trainer - INFO -   Learning rate reduced: 5.00e-04 -> 2.50e-04
2026-01-02 20:34:16 - Trainer - INFO -   Patience: 6/20
2026-01-02 20:35:00 - Trainer - INFO - Epoch 41/100 - Train Loss: 0.121683, Pos: 0.039281, Yaw: 0.082402
2026-01-02 20:35:04 - Trainer - INFO - Epoch 41/100 - Val Loss: 0.037054, Pos: 0.014112, Yaw: 0.022943
2026-01-02 20:35:04 - Trainer - INFO -   Position Error (cm) - Mean: 13.59, Median: 11.07, Std: 15.64, 95th: 25.75
2026-01-02 20:35:04 - Trainer - INFO -   Yaw Error (deg)     - Mean: 5.29, Median: 3.99, Std: 6.96, 95th: 12.30
2026-01-02 20:35:04 - Trainer - INFO -   Patience: 7/20
2026-01-02 20:35:48 - Trainer - INFO - Epoch 42/100 - Train Loss: 0.112329, Pos: 0.036133, Yaw: 0.076196
2026-01-02 20:35:53 - Trainer - INFO - Epoch 42/100 - Val Loss: 0.381970, Pos: 0.326743, Yaw: 0.055227
2026-01-02 20:35:53 - Trainer - INFO -   Position Error (cm) - Mean: 20.19, Median: 9.95, Std: 98.30, 95th: 22.90
2026-01-02 20:35:53 - Trainer - INFO -   Yaw Error (deg)     - Mean: 5.98, Median: 3.98, Std: 12.23, 95th: 12.18
2026-01-02 20:35:53 - Trainer - INFO -   Patience: 8/20
2026-01-02 20:36:35 - Trainer - INFO - Epoch 43/100 - Train Loss: 0.102220, Pos: 0.032255, Yaw: 0.069965
2026-01-02 20:36:39 - Trainer - INFO - Epoch 43/100 - Val Loss: 0.125032, Pos: 0.074481, Yaw: 0.050551
2026-01-02 20:36:39 - Trainer - INFO -   Position Error (cm) - Mean: 15.33, Median: 9.91, Std: 44.88, 95th: 21.90
2026-01-02 20:36:39 - Trainer - INFO -   Yaw Error (deg)     - Mean: 4.96, Median: 2.85, Std: 11.96, 95th: 9.99
2026-01-02 20:36:39 - Trainer - INFO -   Patience: 9/20
2026-01-02 20:37:23 - Trainer - INFO - Epoch 44/100 - Train Loss: 0.089573, Pos: 0.028946, Yaw: 0.060626
2026-01-02 20:37:27 - Trainer - INFO - Epoch 44/100 - Val Loss: 0.046865, Pos: 0.015518, Yaw: 0.031347
2026-01-02 20:37:27 - Trainer - INFO -   Position Error (cm) - Mean: 10.65, Median: 8.01, Std: 19.02, 95th: 16.78
2026-01-02 20:37:27 - Trainer - INFO -   Yaw Error (deg)     - Mean: 3.73, Median: 2.37, Std: 9.57, 95th: 7.76
2026-01-02 20:37:27 - Trainer - INFO -   Patience: 10/20
2026-01-02 20:38:10 - Trainer - INFO - Epoch 45/100 - Train Loss: 0.099169, Pos: 0.031789, Yaw: 0.067380
2026-01-02 20:38:15 - Trainer - INFO - Epoch 45/100 - Val Loss: 0.077881, Pos: 0.033508, Yaw: 0.044374
2026-01-02 20:38:15 - Trainer - INFO -   Position Error (cm) - Mean: 13.41, Median: 9.62, Std: 29.10, 95th: 22.81
2026-01-02 20:38:15 - Trainer - INFO -   Yaw Error (deg)     - Mean: 5.25, Median: 3.35, Std: 10.79, 95th: 10.26
2026-01-02 20:38:15 - Trainer - INFO -   Patience: 11/20
2026-01-02 20:38:57 - Trainer - INFO - Epoch 46/100 - Train Loss: 0.094249, Pos: 0.029604, Yaw: 0.064645
2026-01-02 20:39:02 - Trainer - INFO - Epoch 46/100 - Val Loss: 0.042217, Pos: 0.011996, Yaw: 0.030220
2026-01-02 20:39:02 - Trainer - INFO -   Position Error (cm) - Mean: 11.25, Median: 9.14, Std: 15.47, 95th: 20.02
2026-01-02 20:39:02 - Trainer - INFO -   Yaw Error (deg)     - Mean: 4.59, Median: 2.88, Std: 8.97, 95th: 11.34
2026-01-02 20:39:02 - Trainer - INFO -   Learning rate reduced: 2.50e-04 -> 1.25e-04
2026-01-02 20:39:02 - Trainer - INFO -   Patience: 12/20
2026-01-02 20:39:44 - Trainer - INFO - Epoch 47/100 - Train Loss: 0.087952, Pos: 0.027755, Yaw: 0.060198
2026-01-02 20:39:49 - Trainer - INFO - Epoch 47/100 - Val Loss: 0.034751, Pos: 0.015068, Yaw: 0.019684
2026-01-02 20:39:49 - Trainer - INFO -   Position Error (cm) - Mean: 11.10, Median: 8.39, Std: 18.38, 95th: 18.92
2026-01-02 20:39:49 - Trainer - INFO -   Yaw Error (deg)     - Mean: 4.12, Median: 3.41, Std: 7.00, 95th: 7.71
2026-01-02 20:39:49 - Trainer - INFO -   Patience: 13/20
2026-01-02 20:40:32 - Trainer - INFO - Epoch 48/100 - Train Loss: 0.092987, Pos: 0.028706, Yaw: 0.064281
2026-01-02 20:40:37 - Trainer - INFO - Epoch 48/100 - Val Loss: 0.087298, Pos: 0.038103, Yaw: 0.049195
2026-01-02 20:40:37 - Trainer - INFO -   Position Error (cm) - Mean: 12.41, Median: 8.40, Std: 31.89, 95th: 19.05
2026-01-02 20:40:37 - Trainer - INFO -   Yaw Error (deg)     - Mean: 4.14, Median: 2.12, Std: 12.19, 95th: 8.11
2026-01-02 20:40:37 - Trainer - INFO -   Patience: 14/20
2026-01-02 20:41:19 - Trainer - INFO - Epoch 49/100 - Train Loss: 0.101157, Pos: 0.030582, Yaw: 0.070575
2026-01-02 20:41:23 - Trainer - INFO - Epoch 49/100 - Val Loss: 0.031869, Pos: 0.016733, Yaw: 0.015136
2026-01-02 20:41:23 - Trainer - INFO -   Position Error (cm) - Mean: 12.31, Median: 9.43, Std: 18.98, 95th: 22.28
2026-01-02 20:41:23 - Trainer - INFO -   Yaw Error (deg)     - Mean: 3.73, Median: 3.00, Std: 6.06, 95th: 7.66
2026-01-02 20:41:23 - Trainer - INFO -   Patience: 15/20
2026-01-02 20:42:06 - Trainer - INFO - Epoch 50/100 - Train Loss: 0.094819, Pos: 0.030305, Yaw: 0.064515
2026-01-02 20:42:10 - Trainer - INFO - Epoch 50/100 - Val Loss: 0.036394, Pos: 0.010889, Yaw: 0.025505
2026-01-02 20:42:10 - Trainer - INFO -   Position Error (cm) - Mean: 10.59, Median: 8.13, Std: 14.82, 95th: 19.89
2026-01-02 20:42:10 - Trainer - INFO -   Yaw Error (deg)     - Mean: 4.09, Median: 2.77, Std: 8.29, 95th: 8.74
2026-01-02 20:42:10 - Trainer - INFO -   Patience: 16/20
2026-01-02 20:42:53 - Trainer - INFO - Epoch 51/100 - Train Loss: 0.091489, Pos: 0.027249, Yaw: 0.064240
2026-01-02 20:42:58 - Trainer - INFO - Epoch 51/100 - Val Loss: 0.024125, Pos: 0.013279, Yaw: 0.010846
2026-01-02 20:42:58 - Trainer - INFO -   Position Error (cm) - Mean: 12.03, Median: 9.86, Std: 16.14, 95th: 19.70
2026-01-02 20:42:58 - Trainer - INFO -   Yaw Error (deg)     - Mean: 4.12, Median: 3.52, Std: 4.37, 95th: 8.34
2026-01-02 20:42:58 - Trainer - INFO -   ✓ New best model saved! Val Loss: 0.024125, Pos Error: 12.03 cm, Yaw Error: 4.12°
2026-01-02 20:43:41 - Trainer - INFO - Epoch 52/100 - Train Loss: 0.087097, Pos: 0.026750, Yaw: 0.060347
2026-01-02 20:43:45 - Trainer - INFO - Epoch 52/100 - Val Loss: 0.027397, Pos: 0.011843, Yaw: 0.015554
2026-01-02 20:43:45 - Trainer - INFO -   Position Error (cm) - Mean: 11.52, Median: 9.25, Std: 15.11, 95th: 21.05
2026-01-02 20:43:45 - Trainer - INFO -   Yaw Error (deg)     - Mean: 2.91, Median: 2.00, Std: 6.62, 95th: 7.18
2026-01-02 20:43:45 - Trainer - INFO -   Patience: 1/20
2026-01-02 20:44:27 - Trainer - INFO - Epoch 53/100 - Train Loss: 0.089737, Pos: 0.027723, Yaw: 0.062014
2026-01-02 20:44:32 - Trainer - INFO - Epoch 53/100 - Val Loss: 0.020423, Pos: 0.011843, Yaw: 0.008580
2026-01-02 20:44:32 - Trainer - INFO -   Position Error (cm) - Mean: 10.76, Median: 8.52, Std: 15.69, 95th: 18.70
2026-01-02 20:44:32 - Trainer - INFO -   Yaw Error (deg)     - Mean: 3.46, Median: 2.91, Std: 4.08, 95th: 7.46
2026-01-02 20:44:33 - Trainer - INFO -   ✓ New best model saved! Val Loss: 0.020423, Pos Error: 10.76 cm, Yaw Error: 3.46°
2026-01-02 20:45:14 - Trainer - INFO - Epoch 54/100 - Train Loss: 0.082712, Pos: 0.027717, Yaw: 0.054995
2026-01-02 20:45:19 - Trainer - INFO - Epoch 54/100 - Val Loss: 0.020736, Pos: 0.011891, Yaw: 0.008845
2026-01-02 20:45:19 - Trainer - INFO -   Position Error (cm) - Mean: 11.95, Median: 10.22, Std: 14.82, 95th: 18.61
2026-01-02 20:45:19 - Trainer - INFO -   Yaw Error (deg)     - Mean: 3.55, Median: 2.96, Std: 4.10, 95th: 8.11
2026-01-02 20:45:19 - Trainer - INFO -   Patience: 1/20
2026-01-02 20:46:02 - Trainer - INFO - Epoch 55/100 - Train Loss: 0.084502, Pos: 0.027163, Yaw: 0.057339
2026-01-02 20:46:06 - Trainer - INFO - Epoch 55/100 - Val Loss: 0.045403, Pos: 0.014920, Yaw: 0.030483
2026-01-02 20:46:06 - Trainer - INFO -   Position Error (cm) - Mean: 12.95, Median: 10.39, Std: 16.95, 95th: 22.81
2026-01-02 20:46:06 - Trainer - INFO -   Yaw Error (deg)     - Mean: 4.86, Median: 3.88, Std: 8.87, 95th: 9.31
2026-01-02 20:46:06 - Trainer - INFO -   Patience: 2/20
2026-01-02 20:46:49 - Trainer - INFO - Epoch 56/100 - Train Loss: 0.089601, Pos: 0.027444, Yaw: 0.062158
2026-01-02 20:46:53 - Trainer - INFO - Epoch 56/100 - Val Loss: 0.220820, Pos: 0.098152, Yaw: 0.122667
2026-01-02 20:46:53 - Trainer - INFO -   Position Error (cm) - Mean: 16.14, Median: 8.26, Std: 52.56, 95th: 21.95
2026-01-02 20:46:53 - Trainer - INFO -   Yaw Error (deg)     - Mean: 7.69, Median: 4.52, Std: 18.82, 95th: 11.82
2026-01-02 20:46:53 - Trainer - INFO -   Patience: 3/20
2026-01-02 20:47:36 - Trainer - INFO - Epoch 57/100 - Train Loss: 0.081349, Pos: 0.025822, Yaw: 0.055527
2026-01-02 20:47:41 - Trainer - INFO - Epoch 57/100 - Val Loss: 0.018927, Pos: 0.010033, Yaw: 0.008894
2026-01-02 20:47:41 - Trainer - INFO -   Position Error (cm) - Mean: 10.06, Median: 7.96, Std: 14.31, 95th: 18.28
2026-01-02 20:47:41 - Trainer - INFO -   Yaw Error (deg)     - Mean: 3.11, Median: 2.29, Std: 4.48, 95th: 7.80
2026-01-02 20:47:42 - Trainer - INFO -   ✓ New best model saved! Val Loss: 0.018927, Pos Error: 10.06 cm, Yaw Error: 3.11°
2026-01-02 20:48:24 - Trainer - INFO - Epoch 58/100 - Train Loss: 0.082284, Pos: 0.025635, Yaw: 0.056648
2026-01-02 20:48:29 - Trainer - INFO - Epoch 58/100 - Val Loss: 0.016093, Pos: 0.009319, Yaw: 0.006774
2026-01-02 20:48:29 - Trainer - INFO -   Position Error (cm) - Mean: 10.26, Median: 8.53, Std: 13.37, 95th: 17.41
2026-01-02 20:48:29 - Trainer - INFO -   Yaw Error (deg)     - Mean: 2.98, Median: 2.36, Std: 3.70, 95th: 6.45
2026-01-02 20:48:30 - Trainer - INFO -   ✓ New best model saved! Val Loss: 0.016093, Pos Error: 10.26 cm, Yaw Error: 2.98°
2026-01-02 20:49:12 - Trainer - INFO - Epoch 59/100 - Train Loss: 0.085149, Pos: 0.026045, Yaw: 0.059104
2026-01-02 20:49:17 - Trainer - INFO - Epoch 59/100 - Val Loss: 0.020545, Pos: 0.010801, Yaw: 0.009745
2026-01-02 20:49:17 - Trainer - INFO -   Position Error (cm) - Mean: 11.47, Median: 9.45, Std: 14.05, 95th: 19.88
2026-01-02 20:49:17 - Trainer - INFO -   Yaw Error (deg)     - Mean: 3.80, Median: 3.17, Std: 4.23, 95th: 8.34
2026-01-02 20:49:17 - Trainer - INFO -   Patience: 1/20
2026-01-02 20:49:59 - Trainer - INFO - Epoch 60/100 - Train Loss: 0.081166, Pos: 0.026203, Yaw: 0.054963
2026-01-02 20:50:04 - Trainer - INFO - Epoch 60/100 - Val Loss: 0.083130, Pos: 0.025451, Yaw: 0.057679
2026-01-02 20:50:04 - Trainer - INFO -   Position Error (cm) - Mean: 13.20, Median: 9.45, Std: 24.58, 95th: 21.74
2026-01-02 20:50:04 - Trainer - INFO -   Yaw Error (deg)     - Mean: 4.33, Median: 2.14, Std: 12.52, 95th: 9.55
2026-01-02 20:50:04 - Trainer - INFO -   Patience: 2/20
2026-01-02 20:50:45 - Trainer - INFO - Epoch 61/100 - Train Loss: 0.083658, Pos: 0.024988, Yaw: 0.058670
2026-01-02 20:50:50 - Trainer - INFO - Epoch 61/100 - Val Loss: 0.142518, Pos: 0.060873, Yaw: 0.081644
2026-01-02 20:50:50 - Trainer - INFO -   Position Error (cm) - Mean: 14.09, Median: 9.13, Std: 40.60, 95th: 19.80
2026-01-02 20:50:50 - Trainer - INFO -   Yaw Error (deg)     - Mean: 6.10, Median: 3.56, Std: 14.59, 95th: 12.61
2026-01-02 20:50:50 - Trainer - INFO -   Patience: 3/20
2026-01-02 20:51:32 - Trainer - INFO - Epoch 62/100 - Train Loss: 0.079473, Pos: 0.025692, Yaw: 0.053781
2026-01-02 20:51:37 - Trainer - INFO - Epoch 62/100 - Val Loss: 0.028052, Pos: 0.011052, Yaw: 0.017000
2026-01-02 20:51:37 - Trainer - INFO -   Position Error (cm) - Mean: 11.27, Median: 9.58, Std: 14.47, 95th: 18.42
2026-01-02 20:51:37 - Trainer - INFO -   Yaw Error (deg)     - Mean: 3.84, Median: 2.78, Std: 6.50, 95th: 8.97
2026-01-02 20:51:37 - Trainer - INFO -   Patience: 4/20
2026-01-02 20:52:19 - Trainer - INFO - Epoch 63/100 - Train Loss: 0.079625, Pos: 0.024188, Yaw: 0.055437
2026-01-02 20:52:24 - Trainer - INFO - Epoch 63/100 - Val Loss: 0.018283, Pos: 0.009234, Yaw: 0.009049
2026-01-02 20:52:24 - Trainer - INFO -   Position Error (cm) - Mean: 10.36, Median: 8.47, Std: 13.16, 95th: 18.41
2026-01-02 20:52:24 - Trainer - INFO -   Yaw Error (deg)     - Mean: 3.39, Median: 2.77, Std: 4.33, 95th: 7.27
2026-01-02 20:52:24 - Trainer - INFO -   Patience: 5/20
2026-01-02 20:53:07 - Trainer - INFO - Epoch 64/100 - Train Loss: 0.081210, Pos: 0.025085, Yaw: 0.056125
2026-01-02 20:53:12 - Trainer - INFO - Epoch 64/100 - Val Loss: 0.031531, Pos: 0.020859, Yaw: 0.010672
2026-01-02 20:53:12 - Trainer - INFO -   Position Error (cm) - Mean: 10.51, Median: 8.31, Std: 23.01, 95th: 16.25
2026-01-02 20:53:12 - Trainer - INFO -   Yaw Error (deg)     - Mean: 2.83, Median: 2.13, Std: 5.27, 95th: 6.27
2026-01-02 20:53:12 - Trainer - INFO -   Learning rate reduced: 1.25e-04 -> 6.25e-05
2026-01-02 20:53:12 - Trainer - INFO -   Patience: 6/20
2026-01-02 20:53:54 - Trainer - INFO - Epoch 65/100 - Train Loss: 0.076750, Pos: 0.022985, Yaw: 0.053765
2026-01-02 20:53:59 - Trainer - INFO - Epoch 65/100 - Val Loss: 0.019004, Pos: 0.009893, Yaw: 0.009111
2026-01-02 20:53:59 - Trainer - INFO -   Position Error (cm) - Mean: 10.57, Median: 8.71, Std: 13.77, 95th: 18.65
2026-01-02 20:53:59 - Trainer - INFO -   Yaw Error (deg)     - Mean: 3.71, Median: 2.66, Std: 4.06, 95th: 10.17
2026-01-02 20:53:59 - Trainer - INFO -   Patience: 7/20
2026-01-02 20:54:41 - Trainer - INFO - Epoch 66/100 - Train Loss: 0.078906, Pos: 0.023354, Yaw: 0.055552
2026-01-02 20:54:46 - Trainer - INFO - Epoch 66/100 - Val Loss: 0.025820, Pos: 0.012054, Yaw: 0.013766
2026-01-02 20:54:46 - Trainer - INFO -   Position Error (cm) - Mean: 10.07, Median: 7.73, Std: 16.34, 95th: 17.30
2026-01-02 20:54:46 - Trainer - INFO -   Yaw Error (deg)     - Mean: 3.74, Median: 2.51, Std: 5.65, 95th: 9.13
2026-01-02 20:54:46 - Trainer - INFO -   Patience: 8/20
2026-01-02 20:55:28 - Trainer - INFO - Epoch 67/100 - Train Loss: 0.075998, Pos: 0.024305, Yaw: 0.051693
2026-01-02 20:55:32 - Trainer - INFO - Epoch 67/100 - Val Loss: 0.015175, Pos: 0.008893, Yaw: 0.006282
2026-01-02 20:55:32 - Trainer - INFO -   Position Error (cm) - Mean: 9.88, Median: 8.06, Std: 13.16, 95th: 17.92
2026-01-02 20:55:32 - Trainer - INFO -   Yaw Error (deg)     - Mean: 3.04, Median: 2.29, Std: 3.41, 95th: 7.50
2026-01-02 20:55:33 - Trainer - INFO -   ✓ New best model saved! Val Loss: 0.015175, Pos Error: 9.88 cm, Yaw Error: 3.04°
2026-01-02 20:56:15 - Trainer - INFO - Epoch 68/100 - Train Loss: 0.074056, Pos: 0.023424, Yaw: 0.050632
2026-01-02 20:56:20 - Trainer - INFO - Epoch 68/100 - Val Loss: 0.020214, Pos: 0.009413, Yaw: 0.010801
2026-01-02 20:56:20 - Trainer - INFO -   Position Error (cm) - Mean: 10.50, Median: 8.98, Std: 13.28, 95th: 17.02
2026-01-02 20:56:20 - Trainer - INFO -   Yaw Error (deg)     - Mean: 4.48, Median: 3.81, Std: 3.96, 95th: 10.10
2026-01-02 20:56:20 - Trainer - INFO -   Patience: 1/20
2026-01-02 20:57:02 - Trainer - INFO - Epoch 69/100 - Train Loss: 0.075904, Pos: 0.023369, Yaw: 0.052535
2026-01-02 20:57:07 - Trainer - INFO - Epoch 69/100 - Val Loss: 0.018664, Pos: 0.008868, Yaw: 0.009796
2026-01-02 20:57:07 - Trainer - INFO -   Position Error (cm) - Mean: 10.41, Median: 8.55, Std: 12.71, 95th: 18.80
2026-01-02 20:57:07 - Trainer - INFO -   Yaw Error (deg)     - Mean: 3.39, Median: 2.46, Std: 4.61, 95th: 8.54
2026-01-02 20:57:07 - Trainer - INFO -   Patience: 2/20
2026-01-02 20:57:48 - Trainer - INFO - Epoch 70/100 - Train Loss: 0.075161, Pos: 0.022886, Yaw: 0.052275
2026-01-02 20:57:53 - Trainer - INFO - Epoch 70/100 - Val Loss: 0.015039, Pos: 0.010152, Yaw: 0.004886
2026-01-02 20:57:53 - Trainer - INFO -   Position Error (cm) - Mean: 10.72, Median: 9.06, Std: 13.94, 95th: 17.73
2026-01-02 20:57:53 - Trainer - INFO -   Yaw Error (deg)     - Mean: 2.58, Median: 1.90, Std: 3.09, 95th: 6.28
2026-01-02 20:57:54 - Trainer - INFO - Saved checkpoint: /home/usr2/data_trainer_ws/efficientnet/training/checkpoints/checkpoint_epoch_70.pth
2026-01-02 20:57:54 - Trainer - INFO -   ✓ New best model saved! Val Loss: 0.015039, Pos Error: 10.72 cm, Yaw Error: 2.58°
2026-01-02 20:58:36 - Trainer - INFO - Epoch 71/100 - Train Loss: 0.075618, Pos: 0.022406, Yaw: 0.053212
2026-01-02 20:58:41 - Trainer - INFO - Epoch 71/100 - Val Loss: 0.015293, Pos: 0.009330, Yaw: 0.005963
2026-01-02 20:58:41 - Trainer - INFO -   Position Error (cm) - Mean: 8.62, Median: 6.99, Std: 14.52, 95th: 14.58
2026-01-02 20:58:41 - Trainer - INFO -   Yaw Error (deg)     - Mean: 2.87, Median: 2.11, Std: 3.41, 95th: 7.18
2026-01-02 20:58:41 - Trainer - INFO -   Patience: 1/20
2026-01-02 20:59:23 - Trainer - INFO - Epoch 72/100 - Train Loss: 0.075871, Pos: 0.023055, Yaw: 0.052816
2026-01-02 20:59:27 - Trainer - INFO - Epoch 72/100 - Val Loss: 0.014244, Pos: 0.008276, Yaw: 0.005968
2026-01-02 20:59:27 - Trainer - INFO -   Position Error (cm) - Mean: 9.05, Median: 7.40, Std: 13.06, 95th: 15.94
2026-01-02 20:59:27 - Trainer - INFO -   Yaw Error (deg)     - Mean: 3.06, Median: 2.55, Std: 3.23, 95th: 6.70
2026-01-02 20:59:28 - Trainer - INFO -   ✓ New best model saved! Val Loss: 0.014244, Pos Error: 9.05 cm, Yaw Error: 3.06°
2026-01-02 21:00:11 - Trainer - INFO - Epoch 73/100 - Train Loss: 0.070634, Pos: 0.021688, Yaw: 0.048946
2026-01-02 21:00:16 - Trainer - INFO - Epoch 73/100 - Val Loss: 0.015782, Pos: 0.007900, Yaw: 0.007882
2026-01-02 21:00:16 - Trainer - INFO -   Position Error (cm) - Mean: 9.98, Median: 8.51, Std: 11.86, 95th: 16.56
2026-01-02 21:00:16 - Trainer - INFO -   Yaw Error (deg)     - Mean: 3.60, Median: 2.92, Std: 3.63, 95th: 8.11
2026-01-02 21:00:16 - Trainer - INFO -   Patience: 1/20
2026-01-02 21:00:57 - Trainer - INFO - Epoch 74/100 - Train Loss: 0.073970, Pos: 0.021982, Yaw: 0.051988
2026-01-02 21:01:02 - Trainer - INFO - Epoch 74/100 - Val Loss: 0.016933, Pos: 0.008771, Yaw: 0.008162
2026-01-02 21:01:02 - Trainer - INFO -   Position Error (cm) - Mean: 10.64, Median: 8.96, Std: 12.38, 95th: 18.69
2026-01-02 21:01:02 - Trainer - INFO -   Yaw Error (deg)     - Mean: 3.57, Median: 2.82, Std: 3.79, 95th: 8.52
2026-01-02 21:01:02 - Trainer - INFO -   Patience: 2/20
2026-01-02 21:01:43 - Trainer - INFO - Epoch 75/100 - Train Loss: 0.075995, Pos: 0.021405, Yaw: 0.054590
2026-01-02 21:01:48 - Trainer - INFO - Epoch 75/100 - Val Loss: 0.015269, Pos: 0.007421, Yaw: 0.007848
2026-01-02 21:01:48 - Trainer - INFO -   Position Error (cm) - Mean: 9.67, Median: 8.05, Std: 11.49, 95th: 16.79
2026-01-02 21:01:48 - Trainer - INFO -   Yaw Error (deg)     - Mean: 3.22, Median: 2.54, Std: 3.98, 95th: 7.80
2026-01-02 21:01:48 - Trainer - INFO -   Patience: 3/20
2026-01-02 21:02:31 - Trainer - INFO - Epoch 76/100 - Train Loss: 0.075565, Pos: 0.022464, Yaw: 0.053101
2026-01-02 21:02:35 - Trainer - INFO - Epoch 76/100 - Val Loss: 0.013306, Pos: 0.007827, Yaw: 0.005479
2026-01-02 21:02:35 - Trainer - INFO -   Position Error (cm) - Mean: 9.52, Median: 7.92, Std: 12.15, 95th: 16.33
2026-01-02 21:02:35 - Trainer - INFO -   Yaw Error (deg)     - Mean: 2.64, Median: 1.96, Std: 3.36, 95th: 6.34
2026-01-02 21:02:36 - Trainer - INFO -   ✓ New best model saved! Val Loss: 0.013306, Pos Error: 9.52 cm, Yaw Error: 2.64°
2026-01-02 21:03:19 - Trainer - INFO - Epoch 77/100 - Train Loss: 0.070008, Pos: 0.022319, Yaw: 0.047689
2026-01-02 21:03:23 - Trainer - INFO - Epoch 77/100 - Val Loss: 0.016069, Pos: 0.009083, Yaw: 0.006985
2026-01-02 21:03:23 - Trainer - INFO -   Position Error (cm) - Mean: 9.18, Median: 7.61, Std: 13.89, 95th: 15.39
2026-01-02 21:03:23 - Trainer - INFO -   Yaw Error (deg)     - Mean: 3.20, Median: 2.73, Std: 3.61, 95th: 6.91
2026-01-02 21:03:23 - Trainer - INFO -   Patience: 1/20
2026-01-02 21:04:05 - Trainer - INFO - Epoch 78/100 - Train Loss: 0.075448, Pos: 0.022740, Yaw: 0.052709
2026-01-02 21:04:09 - Trainer - INFO - Epoch 78/100 - Val Loss: 0.012850, Pos: 0.007521, Yaw: 0.005329
2026-01-02 21:04:09 - Trainer - INFO -   Position Error (cm) - Mean: 9.40, Median: 7.91, Std: 11.85, 95th: 15.81
2026-01-02 21:04:09 - Trainer - INFO -   Yaw Error (deg)     - Mean: 2.57, Median: 1.90, Std: 3.34, 95th: 6.15
2026-01-02 21:04:10 - Trainer - INFO -   ✓ New best model saved! Val Loss: 0.012850, Pos Error: 9.40 cm, Yaw Error: 2.57°
2026-01-02 21:04:52 - Trainer - INFO - Epoch 79/100 - Train Loss: 0.074283, Pos: 0.023007, Yaw: 0.051276
2026-01-02 21:04:56 - Trainer - INFO - Epoch 79/100 - Val Loss: 0.017160, Pos: 0.007706, Yaw: 0.009454
2026-01-02 21:04:56 - Trainer - INFO -   Position Error (cm) - Mean: 9.96, Median: 8.07, Std: 11.61, 95th: 18.60
2026-01-02 21:04:56 - Trainer - INFO -   Yaw Error (deg)     - Mean: 4.20, Median: 3.77, Std: 3.72, 95th: 8.51
2026-01-02 21:04:56 - Trainer - INFO -   Patience: 1/20
2026-01-02 21:05:38 - Trainer - INFO - Epoch 80/100 - Train Loss: 0.080858, Pos: 0.024052, Yaw: 0.056806
2026-01-02 21:05:43 - Trainer - INFO - Epoch 80/100 - Val Loss: 0.013160, Pos: 0.006525, Yaw: 0.006636
2026-01-02 21:05:43 - Trainer - INFO -   Position Error (cm) - Mean: 10.38, Median: 9.10, Std: 9.48, 95th: 17.49
2026-01-02 21:05:43 - Trainer - INFO -   Yaw Error (deg)     - Mean: 3.02, Median: 2.53, Std: 3.61, 95th: 6.50
2026-01-02 21:05:43 - Trainer - INFO -   Patience: 2/20
2026-01-02 21:06:27 - Trainer - INFO - Epoch 81/100 - Train Loss: 0.074951, Pos: 0.023101, Yaw: 0.051850
2026-01-02 21:06:32 - Trainer - INFO - Epoch 81/100 - Val Loss: 0.013745, Pos: 0.007447, Yaw: 0.006299
2026-01-02 21:06:32 - Trainer - INFO -   Position Error (cm) - Mean: 9.05, Median: 7.42, Std: 12.02, 95th: 16.38
2026-01-02 21:06:32 - Trainer - INFO -   Yaw Error (deg)     - Mean: 2.86, Median: 1.95, Std: 3.58, 95th: 8.06
2026-01-02 21:06:32 - Trainer - INFO -   Patience: 3/20
2026-01-02 21:07:14 - Trainer - INFO - Epoch 82/100 - Train Loss: 0.074337, Pos: 0.022290, Yaw: 0.052047
2026-01-02 21:07:19 - Trainer - INFO - Epoch 82/100 - Val Loss: 0.014320, Pos: 0.007959, Yaw: 0.006360
2026-01-02 21:07:19 - Trainer - INFO -   Position Error (cm) - Mean: 9.90, Median: 8.16, Std: 12.01, 95th: 17.55
2026-01-02 21:07:19 - Trainer - INFO -   Yaw Error (deg)     - Mean: 3.02, Median: 2.31, Std: 3.47, 95th: 7.12
2026-01-02 21:07:19 - Trainer - INFO -   Patience: 4/20
2026-01-02 21:08:01 - Trainer - INFO - Epoch 83/100 - Train Loss: 0.073509, Pos: 0.021520, Yaw: 0.051989
2026-01-02 21:08:06 - Trainer - INFO - Epoch 83/100 - Val Loss: 0.015222, Pos: 0.008997, Yaw: 0.006225
2026-01-02 21:08:06 - Trainer - INFO -   Position Error (cm) - Mean: 9.07, Median: 7.16, Std: 13.86, 95th: 16.35
2026-01-02 21:08:06 - Trainer - INFO -   Yaw Error (deg)     - Mean: 3.26, Median: 2.73, Std: 3.16, 95th: 7.51
2026-01-02 21:08:06 - Trainer - INFO -   Patience: 5/20
2026-01-02 21:08:49 - Trainer - INFO - Epoch 84/100 - Train Loss: 0.076699, Pos: 0.021317, Yaw: 0.055382
2026-01-02 21:08:53 - Trainer - INFO - Epoch 84/100 - Val Loss: 0.029883, Pos: 0.006692, Yaw: 0.023191
2026-01-02 21:08:53 - Trainer - INFO -   Position Error (cm) - Mean: 8.23, Median: 6.70, Std: 11.65, 95th: 14.17
2026-01-02 21:08:53 - Trainer - INFO -   Yaw Error (deg)     - Mean: 3.36, Median: 2.37, Std: 7.93, 95th: 7.37
2026-01-02 21:08:53 - Trainer - INFO -   Learning rate reduced: 6.25e-05 -> 3.13e-05
2026-01-02 21:08:53 - Trainer - INFO -   Patience: 6/20
2026-01-02 21:09:35 - Trainer - INFO - Epoch 85/100 - Train Loss: 0.071260, Pos: 0.021851, Yaw: 0.049409
2026-01-02 21:09:40 - Trainer - INFO - Epoch 85/100 - Val Loss: 0.013624, Pos: 0.007590, Yaw: 0.006034
2026-01-02 21:09:40 - Trainer - INFO -   Position Error (cm) - Mean: 10.29, Median: 8.39, Std: 11.14, 95th: 19.56
2026-01-02 21:09:40 - Trainer - INFO -   Yaw Error (deg)     - Mean: 2.74, Median: 2.16, Std: 3.56, 95th: 6.52
2026-01-02 21:09:40 - Trainer - INFO -   Patience: 7/20
2026-01-02 21:10:22 - Trainer - INFO - Epoch 86/100 - Train Loss: 0.072098, Pos: 0.021055, Yaw: 0.051043
2026-01-02 21:10:27 - Trainer - INFO - Epoch 86/100 - Val Loss: 0.014223, Pos: 0.007398, Yaw: 0.006825
2026-01-02 21:10:27 - Trainer - INFO -   Position Error (cm) - Mean: 10.07, Median: 8.65, Std: 11.11, 95th: 17.10
2026-01-02 21:10:27 - Trainer - INFO -   Yaw Error (deg)     - Mean: 3.13, Median: 2.46, Std: 3.59, 95th: 7.80
2026-01-02 21:10:27 - Trainer - INFO -   Patience: 8/20
2026-01-02 21:11:10 - Trainer - INFO - Epoch 87/100 - Train Loss: 0.077669, Pos: 0.022237, Yaw: 0.055432
2026-01-02 21:11:15 - Trainer - INFO - Epoch 87/100 - Val Loss: 0.014001, Pos: 0.006738, Yaw: 0.007263
2026-01-02 21:11:15 - Trainer - INFO -   Position Error (cm) - Mean: 9.42, Median: 8.11, Std: 10.78, 95th: 15.71
2026-01-02 21:11:15 - Trainer - INFO -   Yaw Error (deg)     - Mean: 3.26, Median: 2.60, Std: 3.67, 95th: 7.89
2026-01-02 21:11:15 - Trainer - INFO -   Patience: 9/20
2026-01-02 21:11:59 - Trainer - INFO - Epoch 88/100 - Train Loss: 0.071374, Pos: 0.021859, Yaw: 0.049515
2026-01-02 21:12:04 - Trainer - INFO - Epoch 88/100 - Val Loss: 0.015551, Pos: 0.007335, Yaw: 0.008216
2026-01-02 21:12:04 - Trainer - INFO -   Position Error (cm) - Mean: 9.11, Median: 7.49, Std: 11.84, 95th: 16.72
2026-01-02 21:12:04 - Trainer - INFO -   Yaw Error (deg)     - Mean: 3.57, Median: 2.66, Std: 3.80, 95th: 8.97
2026-01-02 21:12:04 - Trainer - INFO -   Patience: 10/20
2026-01-02 21:12:49 - Trainer - INFO - Epoch 89/100 - Train Loss: 0.071246, Pos: 0.021717, Yaw: 0.049530
2026-01-02 21:12:54 - Trainer - INFO - Epoch 89/100 - Val Loss: 0.016941, Pos: 0.007802, Yaw: 0.009139
2026-01-02 21:12:54 - Trainer - INFO -   Position Error (cm) - Mean: 9.37, Median: 7.78, Std: 12.24, 95th: 15.60
2026-01-02 21:12:54 - Trainer - INFO -   Yaw Error (deg)     - Mean: 3.96, Median: 3.27, Std: 3.82, 95th: 9.36
2026-01-02 21:12:54 - Trainer - INFO -   Patience: 11/20
2026-01-02 21:13:39 - Trainer - INFO - Epoch 90/100 - Train Loss: 0.073563, Pos: 0.021266, Yaw: 0.052297
2026-01-02 21:13:43 - Trainer - INFO - Epoch 90/100 - Val Loss: 0.022247, Pos: 0.007417, Yaw: 0.014831
2026-01-02 21:13:43 - Trainer - INFO -   Position Error (cm) - Mean: 8.93, Median: 7.34, Std: 12.09, 95th: 15.71
2026-01-02 21:13:43 - Trainer - INFO -   Yaw Error (deg)     - Mean: 3.59, Median: 3.10, Std: 6.07, 95th: 6.83
2026-01-02 21:13:43 - Trainer - INFO -   Learning rate reduced: 3.13e-05 -> 1.56e-05
2026-01-02 21:13:43 - Trainer - INFO -   Patience: 12/20
2026-01-02 21:14:29 - Trainer - INFO - Epoch 91/100 - Train Loss: 0.070344, Pos: 0.021040, Yaw: 0.049304
2026-01-02 21:14:35 - Trainer - INFO - Epoch 91/100 - Val Loss: 0.012629, Pos: 0.007018, Yaw: 0.005612
2026-01-02 21:14:35 - Trainer - INFO -   Position Error (cm) - Mean: 10.11, Median: 8.80, Std: 10.52, 95th: 16.92
2026-01-02 21:14:35 - Trainer - INFO -   Yaw Error (deg)     - Mean: 2.97, Median: 2.53, Std: 3.13, 95th: 6.21
2026-01-02 21:14:35 - Trainer - INFO -   ✓ New best model saved! Val Loss: 0.012629, Pos Error: 10.11 cm, Yaw Error: 2.97°
2026-01-02 21:15:18 - Trainer - INFO - Epoch 92/100 - Train Loss: 0.070834, Pos: 0.020952, Yaw: 0.049883
2026-01-02 21:15:23 - Trainer - INFO - Epoch 92/100 - Val Loss: 0.015756, Pos: 0.007150, Yaw: 0.008606
2026-01-02 21:15:23 - Trainer - INFO -   Position Error (cm) - Mean: 9.87, Median: 8.46, Std: 10.95, 95th: 16.56
2026-01-02 21:15:23 - Trainer - INFO -   Yaw Error (deg)     - Mean: 3.56, Median: 2.50, Std: 3.98, 95th: 10.02
2026-01-02 21:15:23 - Trainer - INFO -   Patience: 1/20
2026-01-02 21:16:07 - Trainer - INFO - Epoch 93/100 - Train Loss: 0.069508, Pos: 0.020506, Yaw: 0.049002
2026-01-02 21:16:12 - Trainer - INFO - Epoch 93/100 - Val Loss: 0.017686, Pos: 0.008022, Yaw: 0.009664
2026-01-02 21:16:12 - Trainer - INFO -   Position Error (cm) - Mean: 10.83, Median: 9.41, Std: 11.23, 95th: 18.51
2026-01-02 21:16:12 - Trainer - INFO -   Yaw Error (deg)     - Mean: 4.12, Median: 3.24, Std: 3.88, 95th: 10.50
2026-01-02 21:16:12 - Trainer - INFO -   Patience: 2/20
2026-01-02 21:16:56 - Trainer - INFO - Epoch 94/100 - Train Loss: 0.072688, Pos: 0.020017, Yaw: 0.052671
2026-01-02 21:17:01 - Trainer - INFO - Epoch 94/100 - Val Loss: 0.011662, Pos: 0.006773, Yaw: 0.004889
2026-01-02 21:17:01 - Trainer - INFO -   Position Error (cm) - Mean: 9.84, Median: 8.65, Std: 10.43, 95th: 15.55
2026-01-02 21:17:01 - Trainer - INFO -   Yaw Error (deg)     - Mean: 2.58, Median: 1.93, Std: 3.10, 95th: 6.49
2026-01-02 21:17:01 - Trainer - INFO -   ✓ New best model saved! Val Loss: 0.011662, Pos Error: 9.84 cm, Yaw Error: 2.58°
2026-01-02 21:17:44 - Trainer - INFO - Epoch 95/100 - Train Loss: 0.067279, Pos: 0.019988, Yaw: 0.047290
2026-01-02 21:17:49 - Trainer - INFO - Epoch 95/100 - Val Loss: 0.012220, Pos: 0.006734, Yaw: 0.005486
2026-01-02 21:17:49 - Trainer - INFO -   Position Error (cm) - Mean: 8.49, Median: 7.09, Std: 11.54, 95th: 13.76
2026-01-02 21:17:49 - Trainer - INFO -   Yaw Error (deg)     - Mean: 3.00, Median: 2.61, Std: 3.03, 95th: 6.21
2026-01-02 21:17:49 - Trainer - INFO -   Patience: 1/20
2026-01-02 21:18:32 - Trainer - INFO - Epoch 96/100 - Train Loss: 0.072368, Pos: 0.021032, Yaw: 0.051336
2026-01-02 21:18:37 - Trainer - INFO - Epoch 96/100 - Val Loss: 0.017003, Pos: 0.006962, Yaw: 0.010041
2026-01-02 21:18:37 - Trainer - INFO -   Position Error (cm) - Mean: 8.91, Median: 7.51, Std: 11.52, 95th: 14.97
2026-01-02 21:18:37 - Trainer - INFO -   Yaw Error (deg)     - Mean: 4.23, Median: 3.50, Std: 3.93, 95th: 9.99
2026-01-02 21:18:37 - Trainer - INFO -   Patience: 2/20
2026-01-02 21:19:20 - Trainer - INFO - Epoch 97/100 - Train Loss: 0.078348, Pos: 0.022229, Yaw: 0.056119
2026-01-02 21:19:25 - Trainer - INFO - Epoch 97/100 - Val Loss: 0.015733, Pos: 0.008004, Yaw: 0.007730
2026-01-02 21:19:25 - Trainer - INFO -   Position Error (cm) - Mean: 10.32, Median: 8.63, Std: 11.69, 95th: 18.94
2026-01-02 21:19:25 - Trainer - INFO -   Yaw Error (deg)     - Mean: 3.64, Median: 3.01, Std: 3.52, 95th: 8.53
2026-01-02 21:19:25 - Trainer - INFO -   Patience: 3/20
2026-01-02 21:20:08 - Trainer - INFO - Epoch 98/100 - Train Loss: 0.069244, Pos: 0.020489, Yaw: 0.048755
2026-01-02 21:20:13 - Trainer - INFO - Epoch 98/100 - Val Loss: 0.012070, Pos: 0.007010, Yaw: 0.005060
2026-01-02 21:20:13 - Trainer - INFO -   Position Error (cm) - Mean: 9.59, Median: 7.96, Std: 11.00, 95th: 17.78
2026-01-02 21:20:13 - Trainer - INFO -   Yaw Error (deg)     - Mean: 2.57, Median: 1.96, Std: 3.20, 95th: 6.38
2026-01-02 21:20:13 - Trainer - INFO -   Patience: 4/20
2026-01-02 21:20:57 - Trainer - INFO - Epoch 99/100 - Train Loss: 0.068257, Pos: 0.020831, Yaw: 0.047426
2026-01-02 21:21:02 - Trainer - INFO - Epoch 99/100 - Val Loss: 0.014414, Pos: 0.006207, Yaw: 0.008207
2026-01-02 21:21:02 - Trainer - INFO -   Position Error (cm) - Mean: 8.69, Median: 7.52, Std: 10.64, 95th: 13.53
2026-01-02 21:21:02 - Trainer - INFO -   Yaw Error (deg)     - Mean: 3.70, Median: 3.11, Std: 3.68, 95th: 8.40
2026-01-02 21:21:02 - Trainer - INFO -   Patience: 5/20
2026-01-02 21:21:46 - Trainer - INFO - Epoch 100/100 - Train Loss: 0.066732, Pos: 0.019308, Yaw: 0.047424
2026-01-02 21:21:51 - Trainer - INFO - Epoch 100/100 - Val Loss: 0.012887, Pos: 0.007714, Yaw: 0.005173
2026-01-02 21:21:51 - Trainer - INFO -   Position Error (cm) - Mean: 9.33, Median: 7.69, Std: 12.15, 95th: 16.82
2026-01-02 21:21:51 - Trainer - INFO -   Yaw Error (deg)     - Mean: 2.67, Median: 1.91, Std: 3.17, 95th: 7.05
2026-01-02 21:21:51 - Trainer - INFO -   Learning rate reduced: 1.56e-05 -> 7.81e-06
2026-01-02 21:21:51 - Trainer - INFO -   Patience: 6/20
2026-01-02 21:21:51 - Trainer - INFO - ============================================================
2026-01-02 21:21:51 - Trainer - INFO - Training completed!
2026-01-02 21:21:51 - Trainer - INFO - Best validation loss: 0.011662
